=== tempest-embedding training ===
dataset: tgbl-wiki
device:  cuda
seed:    42
loaded in 1.4s
  num_nodes:     9,227
  directed:      False  (dataset default)
  bipartite:     True
  dst_pool:      952 unique destinations
  T_train:       1862652
  train edges:   110,232
  val edges:     23,621
  test edges:    23,621
  has_node_feat: False

=== Config ===
  num_nodes: 9227
  is_directed: False
  is_bipartite: True
  dst_pool: <ndarray shape=(952,) dtype=int32>
  t_train_span: 1862652.0
  d_node_feat: None
  d_emb: 128
  d_proj: 128
  eta_uniform: 1.0
  uniform_temperature: 2.0
  uniform_pairs: 5000
  beta_time: 1.0
  num_walks_per_node: 5
  max_walk_len: 20
  walk_bias: ExponentialWeight
  start_bias: Uniform
  num_neg_per_pos: 10
  hist_neg_ratio: 0.5
  reservoir_size: 32
  lr: 0.001
  weight_decay: 0.0001
  num_epochs: 5
  early_stop_patience: 0
  seed: 42
  use_gpu: True
  use_gpu_tempest: False
  monitor_sample_pct: 1.0
  skip_final_full_eval: True

=== Parameter counts ===
  embedding_table:    1,181,056
  p_target:              66,048
  p_context:             66,048
  link_head:            574,466
  TOTAL trainable:    1,887,618

=== Training ===
epoch 1/5  align=0.4128  unif=-1.7957  bce=0.2908  train 19.0s  val 0.0371  test 0.0390 (new best)  eval 27.3s
epoch 2/5  align=0.5236  unif=-3.1676  bce=0.2493  train 14.6s  val 0.0486  test 0.0380 (new best)  eval 26.7s
epoch 3/5  align=0.5419  unif=-3.5765  bce=0.2340  train 15.0s  val 0.0684  test 0.0471 (new best)  eval 27.0s
epoch 4/5  align=0.5267  unif=-3.6532  bce=0.2260  train 14.9s  val 0.0821  test 0.0768 (new best)  eval 26.7s
epoch 5/5  align=0.5156  unif=-3.6798  bce=0.2199  train 15.0s  val 0.0828  test 0.0709 (new best)  eval 27.1s
  restored best weights from epoch 5 (val 0.0828, test 0.0709)

=== Final results ===
  dataset:           tgbl-wiki
  seed:              42
  stopped_at_epoch:  5
  best_val_mrr:      0.0828
  best_test_mrr:     0.0709
