=== tempest-embedding training ===
dataset: tgbl-wiki
device:  cuda
seed:    7
loaded in 1.4s
  num_nodes:     9,227
  directed:      False  (dataset default)
  bipartite:     True
  dst_pool:      952 unique destinations
  T_train:       1862652
  train edges:   110,232
  val edges:     23,621
  test edges:    23,621
  has_node_feat: False

=== Config ===
  num_nodes: 9227
  is_directed: False
  is_bipartite: True
  dst_pool: <ndarray shape=(952,) dtype=int32>
  t_train_span: 1862652.0
  d_node_feat: None
  d_emb: 128
  d_proj: 128
  eta_uniform: 1.0
  uniform_temperature: 2.0
  uniform_pairs: 5000
  beta_time: 1.0
  num_walks_per_node: 5
  max_walk_len: 20
  walk_bias: ExponentialWeight
  start_bias: Uniform
  num_neg_per_pos: 10
  hist_neg_ratio: 0.5
  reservoir_size: 32
  lr: 0.001
  weight_decay: 0.0001
  num_epochs: 5
  early_stop_patience: 0
  seed: 7
  use_gpu: True
  use_gpu_tempest: False
  monitor_sample_pct: 1.0
  skip_final_full_eval: True

=== Parameter counts ===
  embedding_table:    1,181,056
  p_target:              66,048
  p_context:             66,048
  link_head:            574,466
  TOTAL trainable:    1,887,618

=== Training ===
epoch 1/5  align=0.4537  unif=-2.0963  bce=0.2909  train 18.8s  val 0.0687  test 0.0630 (new best)  eval 27.1s
epoch 2/5  align=0.5281  unif=-3.3553  bce=0.2455  train 15.2s  val 0.0986  test 0.0657 (new best)  eval 26.8s
epoch 3/5  align=0.5188  unif=-3.6217  bce=0.2256  train 14.7s  val 0.1316  test 0.1443 (new best)  eval 27.0s
epoch 4/5  align=0.4921  unif=-3.6771  bce=0.2173  train 14.0s  val 0.1477  test 0.1447 (new best)  eval 26.9s
epoch 5/5  align=0.4781  unif=-3.7022  bce=0.2114  train 14.6s  val 0.1352  patience 1/0  eval 27.0s
  restored best weights from epoch 4 (val 0.1477, test 0.1447)

=== Final results ===
  dataset:           tgbl-wiki
  seed:              7
  stopped_at_epoch:  4
  best_val_mrr:      0.1477
  best_test_mrr:     0.1447
