=== tempest-embedding training ===
dataset: tgbl-wiki
device:  cuda
seed:    42
loaded in 1.4s
  num_nodes:     9,227
  directed:      False  (dataset default)
  bipartite:     True
  dst_pool:      952 unique destinations
  T_train:       1862652
  train edges:   110,232
  val edges:     23,621
  test edges:    23,621
  has_node_feat: False

=== Config ===
  num_nodes: 9227
  is_directed: False
  is_bipartite: True
  dst_pool: <ndarray shape=(952,) dtype=int32>
  t_train_span: 1862652.0
  d_node_feat: None
  d_emb: 128
  d_proj: 128
  tau: 0.5
  beta_time: 1.0
  chunk_size: 0
  num_walks_per_node: 5
  max_walk_len: 20
  walk_bias: ExponentialWeight
  start_bias: Uniform
  num_neg_per_pos: 10
  hist_neg_ratio: 0.5
  reservoir_size: 32
  lr: 0.001
  weight_decay: 0.0001
  num_epochs: 30
  early_stop_patience: 0
  seed: 42
  use_gpu: True
  use_gpu_tempest: False
  monitor_sample_pct: 1.0
  skip_final_full_eval: True

=== Parameter counts ===
  embedding_table:    1,181,056
  p_target:              66,048
  p_context:             66,048
  link_head:            574,466
  TOTAL trainable:    1,887,618

=== Training ===
epoch 1/30  align=9.9448  bce=0.3727  train 24.9s  val 0.0402  test 0.0392 (new best)  eval 22.6s
epoch 2/30  align=9.3646  bce=0.2707  train 24.4s  val 0.0537  test 0.0532 (new best)  eval 22.7s
epoch 3/30  align=9.1181  bce=0.2469  train 24.5s  val 0.0635  test 0.0712 (new best)  eval 22.7s
epoch 4/30  align=9.0589  bce=0.2381  train 24.5s  val 0.0650  test 0.0689 (new best)  eval 22.7s
epoch 5/30  align=9.0303  bce=0.2350  train 24.6s  val 0.0703  test 0.0772 (new best)  eval 23.1s
epoch 6/30  align=9.0209  bce=0.2305  train 24.9s  val 0.0692  patience 1/0  eval 22.8s
epoch 7/30  align=8.9986  bce=0.2290  train 24.6s  val 0.0799  test 0.0770 (new best)  eval 22.9s
epoch 8/30  align=8.9901  bce=0.2253  train 24.8s  val 0.0818  test 0.0827 (new best)  eval 22.9s
epoch 9/30  align=8.9834  bce=0.2238  train 24.4s  val 0.0797  patience 1/0  eval 22.8s
epoch 10/30  align=8.9819  bce=0.2215  train 24.5s  val 0.0864  test 0.0837 (new best)  eval 22.8s
epoch 11/30  align=8.9745  bce=0.2203  train 24.8s  val 0.0824  patience 1/0  eval 22.9s
epoch 12/30  align=8.9750  bce=0.2182  train 24.4s  val 0.1326  test 0.1397 (new best)  eval 22.8s
epoch 13/30  align=8.9678  bce=0.2168  train 24.6s  val 0.1270  patience 1/0  eval 22.7s
epoch 14/30  align=8.9706  bce=0.2155  train 24.5s  val 0.0993  patience 2/0  eval 22.8s
epoch 15/30  align=8.9706  bce=0.2142  train 24.5s  val 0.1281  patience 3/0  eval 22.8s
epoch 16/30  align=8.9626  bce=0.2130  train 24.6s  val 0.0966  patience 4/0  eval 22.8s
epoch 17/30  align=8.8852  bce=0.2126  train 24.5s  val 0.1137  patience 5/0  eval 22.9s
epoch 18/30  align=8.7623  bce=0.2073  train 24.5s  val 0.1514  test 0.1400 (new best)  eval 22.9s
epoch 19/30  align=8.5461  bce=0.1922  train 24.8s  val 0.1739  test 0.1622 (new best)  eval 22.9s
epoch 20/30  align=8.4610  bce=0.1827  train 24.6s  val 0.1942  test 0.1678 (new best)  eval 22.9s
epoch 21/30  align=8.4238  bce=0.1804  train 24.9s  val 0.2047  test 0.1835 (new best)  eval 22.9s
epoch 22/30  align=8.3932  bce=0.1771  train 24.7s  val 0.2128  test 0.1952 (new best)  eval 22.9s
epoch 23/30  align=8.3217  bce=0.1742  train 24.5s  val 0.2490  test 0.2488 (new best)  eval 22.8s
epoch 24/30  align=8.3094  bce=0.1713  train 24.6s  val 0.2269  patience 1/0  eval 22.9s
epoch 25/30  align=8.2933  bce=0.1697  train 24.5s  val 0.2307  patience 2/0  eval 22.8s
epoch 26/30  align=8.2835  bce=0.1688  train 24.6s  val 0.2433  patience 3/0  eval 22.9s
epoch 27/30  align=8.2764  bce=0.1684  train 24.5s  val 0.2327  patience 4/0  eval 23.0s
