===== c1 seed 42 → logs/t12_c1_seed42.log =====
=== tempest-embedding training ===
dataset: tgbl-wiki
device:  cuda
seed:    42
loaded in 1.4s
  --force-no-ef: overriding d_edge_feat to None
  num_nodes:     9,227
  directed:      False  (dataset default)
  bipartite:     True
  dst_pool:      952 unique destinations
  T_train:       1862652
  train edges:   110,232
  val edges:     23,621
  test edges:    23,621
  has_node_feat: False
  has_edge_feat: True

=== Config ===
  num_nodes: 9227
  is_directed: False
  is_bipartite: True
  dst_pool: <ndarray shape=(952,) dtype=int32>
  t_train_span: 1862652.0
  d_node_feat: None
  d_edge_feat: None
  ef_on_target: False
  ef_on_context: True
  d_emb: 128
  d_proj: 128
  eta_uniform: 1.0
  uniform_temperature: 2.0
  uniform_pairs: 5000
  beta_time: 1.0
  num_walks_per_node: 5
  max_walk_len: 20
  walk_bias: ExponentialWeight
  start_bias: Uniform
  num_neg_per_pos: 10
  hist_neg_ratio: 0.5
  reservoir_size: 32
  lr: 0.001
  weight_decay: 0.0001
  num_epochs: 30
  early_stop_patience: 0
  seed: 42
  use_gpu: True
  use_gpu_tempest: False
  monitor_sample_pct: 1.0
  skip_final_full_eval: True

=== Parameter counts ===
  embedding_table:    1,181,056
  p_target:              66,048
  p_context:             66,048
  link_head:            574,466
  TOTAL trainable:    1,887,618

=== Training ===
epoch 1/30  align=0.4147  unif=-1.7895  bce=0.2918  train 18.5s  val 0.0364  test 0.0383 (new best)  eval 27.0s
epoch 2/30  align=0.5118  unif=-3.1414  bce=0.2515  train 15.0s  val 0.0635  test 0.0453 (new best)  eval 27.4s
epoch 3/30  align=0.5202  unif=-3.5126  bce=0.2331  train 14.0s  val 0.0830  test 0.0827 (new best)  eval 26.9s
epoch 4/30  align=0.5122  unif=-3.6131  bce=0.2175  train 15.0s  val 0.0696  patience 1/0  eval 27.5s
epoch 5/30  align=0.4993  unif=-3.6545  bce=0.2122  train 15.1s  val 0.0704  patience 2/0  eval 27.5s
epoch 6/30  align=0.4886  unif=-3.6735  bce=0.2069  train 15.6s  val 0.0732  patience 3/0  eval 27.7s
epoch 7/30  align=0.4785  unif=-3.6912  bce=0.2031  train 15.5s  val 0.0893  test 0.0753 (new best)  eval 27.8s
epoch 8/30  align=0.4750  unif=-3.7049  bce=0.1992  train 16.0s  val 0.0934  test 0.0929 (new best)  eval 27.0s
epoch 9/30  align=0.4623  unif=-3.7151  bce=0.1983  train 14.0s  val 0.0941  test 0.0884 (new best)  eval 27.2s
epoch 10/30  align=0.4571  unif=-3.7256  bce=0.1938  train 15.3s  val 0.1353  test 0.1416 (new best)  eval 27.0s
epoch 11/30  align=0.4498  unif=-3.7360  bce=0.1915  train 14.6s  val 0.1395  test 0.1468 (new best)  eval 27.1s
epoch 12/30  align=0.4440  unif=-3.7410  bce=0.1891  train 14.4s  val 0.1358  patience 1/0  eval 26.9s
epoch 13/30  align=0.4418  unif=-3.7450  bce=0.1876  train 14.5s  val 0.1375  patience 2/0  eval 27.1s
epoch 14/30  align=0.4379  unif=-3.7486  bce=0.1850  train 14.4s  val 0.1742  test 0.1690 (new best)  eval 26.9s
epoch 15/30  align=0.4325  unif=-3.7514  bce=0.1842  train 15.2s  val 0.1263  patience 1/0  eval 27.0s
epoch 16/30  align=0.4287  unif=-3.7541  bce=0.1824  train 15.5s  val 0.1632  patience 2/0  eval 27.2s
epoch 17/30  align=0.4288  unif=-3.7583  bce=0.1812  train 15.2s  val 0.1530  patience 3/0  eval 26.8s
epoch 18/30  align=0.4275  unif=-3.7579  bce=0.1788  train 15.1s  val 0.1185  patience 4/0  eval 26.9s
epoch 19/30  align=0.4231  unif=-3.7574  bce=0.1766  train 15.0s  val 0.1428  patience 5/0  eval 26.9s
epoch 20/30  align=0.4197  unif=-3.7621  bce=0.1755  train 15.2s  val 0.1408  patience 6/0  eval 26.9s
epoch 21/30  align=0.4155  unif=-3.7624  bce=0.1745  train 15.5s  val 0.1951  test 0.1811 (new best)  eval 26.8s
epoch 22/30  align=0.4100  unif=-3.7631  bce=0.1737  train 15.3s  val 0.1914  patience 1/0  eval 26.8s
epoch 23/30  align=0.4057  unif=-3.7663  bce=0.1730  train 15.4s  val 0.1991  test 0.1864 (new best)  eval 26.7s
epoch 24/30  align=0.4039  unif=-3.7670  bce=0.1702  train 14.8s  val 0.1724  patience 1/0  eval 26.7s
epoch 25/30  align=0.4012  unif=-3.7702  bce=0.1683  train 14.8s  val 0.1740  patience 2/0  eval 26.9s
epoch 26/30  align=0.3960  unif=-3.7719  bce=0.1663  train 15.1s  val 0.1701  patience 3/0  eval 26.7s
epoch 27/30  align=0.3915  unif=-3.7729  bce=0.1661  train 14.9s  val 0.2308  test 0.2117 (new best)  eval 26.8s
epoch 28/30  align=0.3901  unif=-3.7706  bce=0.1654  train 15.3s  val 0.2081  patience 1/0  eval 26.7s
epoch 29/30  align=0.3873  unif=-3.7742  bce=0.1641  train 15.3s  val 0.2407  test 0.2151 (new best)  eval 26.8s
epoch 30/30  align=0.3854  unif=-3.7751  bce=0.1639  train 13.9s  val 0.1883  patience 1/0  eval 26.6s
  restored best weights from epoch 29 (val 0.2407, test 0.2151)

=== Final results ===
  dataset:           tgbl-wiki
  seed:              42
  stopped_at_epoch:  29
  best_val_mrr:      0.2407
  best_test_mrr:     0.2151
===== c1 seed 42 done =====
===== c1 seed 123 → logs/t12_c1_seed123.log =====
=== tempest-embedding training ===
dataset: tgbl-wiki
device:  cuda
seed:    123
loaded in 1.4s
  --force-no-ef: overriding d_edge_feat to None
  num_nodes:     9,227
  directed:      False  (dataset default)
  bipartite:     True
  dst_pool:      952 unique destinations
  T_train:       1862652
  train edges:   110,232
  val edges:     23,621
  test edges:    23,621
  has_node_feat: False
  has_edge_feat: True

=== Config ===
  num_nodes: 9227
  is_directed: False
  is_bipartite: True
  dst_pool: <ndarray shape=(952,) dtype=int32>
  t_train_span: 1862652.0
  d_node_feat: None
  d_edge_feat: None
  ef_on_target: False
  ef_on_context: True
  ef_target_per_position: False
  d_emb: 128
  d_proj: 128
  eta_uniform: 1.0
  uniform_temperature: 2.0
  uniform_pairs: 5000
  beta_time: 1.0
  num_walks_per_node: 5
  max_walk_len: 20
  walk_bias: ExponentialWeight
  start_bias: Uniform
  num_neg_per_pos: 10
  hist_neg_ratio: 0.5
  reservoir_size: 32
  lr: 0.001
  weight_decay: 0.0001
  num_epochs: 30
  early_stop_patience: 0
  seed: 123
  use_gpu: True
  use_gpu_tempest: False
  monitor_sample_pct: 1.0
  skip_final_full_eval: True

=== Parameter counts ===
  embedding_table:    1,181,056
  p_target:              66,048
  p_context:             66,048
  link_head:            574,466
  TOTAL trainable:    1,887,618

=== Training ===
epoch 1/30  align=0.4234  unif=-1.8512  bce=0.2906  train 19.5s  val 0.0762  test 0.0893 (new best)  eval 26.9s
epoch 2/30  align=0.5212  unif=-3.2396  bce=0.2467  train 14.7s  val 0.0671  patience 1/0  eval 26.9s
epoch 3/30  align=0.5238  unif=-3.5583  bce=0.2332  train 15.0s  val 0.0885  test 0.0692 (new best)  eval 26.8s
epoch 4/30  align=0.5071  unif=-3.6434  bce=0.2188  train 15.7s  val 0.1213  test 0.0977 (new best)  eval 26.9s
epoch 5/30  align=0.4937  unif=-3.6705  bce=0.2096  train 15.5s  val 0.1291  test 0.1242 (new best)  eval 26.9s
epoch 6/30  align=0.4851  unif=-3.6952  bce=0.2063  train 14.9s  val 0.1342  test 0.1532 (new best)  eval 26.9s
epoch 7/30  align=0.4820  unif=-3.7065  bce=0.2037  train 14.6s  val 0.0927  patience 1/0  eval 27.0s
epoch 8/30  align=0.4781  unif=-3.7147  bce=0.2019  train 14.8s  val 0.1161  patience 2/0  eval 26.9s
epoch 9/30  align=0.4713  unif=-3.7219  bce=0.1996  train 14.6s  val 0.1168  patience 3/0  eval 27.1s
epoch 10/30  align=0.4657  unif=-3.7277  bce=0.1976  train 14.5s  val 0.1604  test 0.1682 (new best)  eval 26.9s
epoch 11/30  align=0.4593  unif=-3.7365  bce=0.1970  train 15.2s  val 0.1577  patience 1/0  eval 26.8s
epoch 12/30  align=0.4516  unif=-3.7365  bce=0.1937  train 15.3s  val 0.1452  patience 2/0  eval 27.1s
epoch 13/30  align=0.4477  unif=-3.7428  bce=0.1924  train 15.3s  val 0.1778  test 0.1616 (new best)  eval 26.9s
epoch 14/30  align=0.4455  unif=-3.7441  bce=0.1904  train 14.9s  val 0.1353  patience 1/0  eval 26.9s
epoch 15/30  align=0.4416  unif=-3.7484  bce=0.1888  train 15.0s  val 0.1786  test 0.1666 (new best)  eval 27.0s
epoch 16/30  align=0.4380  unif=-3.7551  bce=0.1881  train 15.3s  val 0.1822  test 0.1805 (new best)  eval 26.9s
epoch 17/30  align=0.4372  unif=-3.7560  bce=0.1855  train 15.6s  val 0.2080  test 0.1855 (new best)  eval 26.8s
epoch 18/30  align=0.4340  unif=-3.7587  bce=0.1845  train 14.7s  val 0.2036  patience 1/0  eval 26.8s
epoch 19/30  align=0.4281  unif=-3.7634  bce=0.1829  train 14.8s  val 0.1700  patience 2/0  eval 26.7s
epoch 20/30  align=0.4248  unif=-3.7685  bce=0.1816  train 14.7s  val 0.1711  patience 3/0  eval 26.8s
epoch 21/30  align=0.4212  unif=-3.7693  bce=0.1805  train 14.6s  val 0.1825  patience 4/0  eval 26.8s
epoch 22/30  align=0.4166  unif=-3.7731  bce=0.1790  train 14.8s  val 0.2285  test 0.2043 (new best)  eval 26.9s
epoch 23/30  align=0.4119  unif=-3.7749  bce=0.1756  train 15.0s  val 0.2068  patience 1/0  eval 26.9s
epoch 24/30  align=0.4091  unif=-3.7787  bce=0.1746  train 14.9s  val 0.2061  patience 2/0  eval 26.8s
epoch 25/30  align=0.4051  unif=-3.7746  bce=0.1715  train 15.0s  val 0.2193  patience 3/0  eval 26.7s
epoch 26/30  align=0.4046  unif=-3.7762  bce=0.1708  train 14.8s  val 0.2065  patience 4/0  eval 26.9s
epoch 27/30  align=0.3997  unif=-3.7813  bce=0.1696  train 14.8s  val 0.2100  patience 5/0  eval 26.7s
epoch 28/30  align=0.3969  unif=-3.7796  bce=0.1676  train 14.9s  val 0.1892  patience 6/0  eval 26.8s
epoch 29/30  align=0.3936  unif=-3.7823  bce=0.1667  train 14.8s  val 0.1898  patience 7/0  eval 26.7s
epoch 30/30  align=0.3911  unif=-3.7837  bce=0.1656  train 14.9s  val 0.1864  patience 8/0  eval 26.7s
  restored best weights from epoch 22 (val 0.2285, test 0.2043)

=== Final results ===
  dataset:           tgbl-wiki
  seed:              123
  stopped_at_epoch:  22
  best_val_mrr:      0.2285
  best_test_mrr:     0.2043
===== c1 seed 123 done =====
===== c1 seed 7 → logs/t12_c1_seed7.log =====
=== tempest-embedding training ===
dataset: tgbl-wiki
device:  cuda
seed:    7
loaded in 1.3s
  --force-no-ef: overriding d_edge_feat to None
  num_nodes:     9,227
  directed:      False  (dataset default)
  bipartite:     True
  dst_pool:      952 unique destinations
  T_train:       1862652
  train edges:   110,232
  val edges:     23,621
  test edges:    23,621
  has_node_feat: False
  has_edge_feat: True

=== Config ===
  num_nodes: 9227
  is_directed: False
  is_bipartite: True
  dst_pool: <ndarray shape=(952,) dtype=int32>
  t_train_span: 1862652.0
  d_node_feat: None
  d_edge_feat: None
  ef_on_target: False
  ef_on_context: True
  ef_target_per_position: False
  d_emb: 128
  d_proj: 128
  eta_uniform: 1.0
  uniform_temperature: 2.0
  uniform_pairs: 5000
  beta_time: 1.0
  num_walks_per_node: 5
  max_walk_len: 20
  walk_bias: ExponentialWeight
  start_bias: Uniform
  num_neg_per_pos: 10
  hist_neg_ratio: 0.5
  reservoir_size: 32
  lr: 0.001
  weight_decay: 0.0001
  num_epochs: 30
  early_stop_patience: 0
  seed: 7
  use_gpu: True
  use_gpu_tempest: False
  monitor_sample_pct: 1.0
  skip_final_full_eval: True

=== Parameter counts ===
  embedding_table:    1,181,056
  p_target:              66,048
  p_context:             66,048
  link_head:            574,466
  TOTAL trainable:    1,887,618

=== Training ===
epoch 1/30  align=0.4596  unif=-2.1149  bce=0.2921  train 18.3s  val 0.0457  test 0.0437 (new best)  eval 27.0s
epoch 2/30  align=0.5314  unif=-3.3568  bce=0.2484  train 16.5s  val 0.0902  test 0.0655 (new best)  eval 27.2s
epoch 3/30  align=0.5142  unif=-3.6217  bce=0.2228  train 15.5s  val 0.0895  patience 1/0  eval 26.9s
epoch 4/30  align=0.4903  unif=-3.6804  bce=0.2108  train 15.5s  val 0.1011  test 0.0866 (new best)  eval 26.8s
epoch 5/30  align=0.4731  unif=-3.7047  bce=0.2048  train 15.0s  val 0.1262  test 0.1182 (new best)  eval 26.7s
epoch 6/30  align=0.4627  unif=-3.7175  bce=0.1997  train 15.1s  val 0.1722  test 0.1816 (new best)  eval 26.9s
epoch 7/30  align=0.4533  unif=-3.7257  bce=0.1949  train 17.7s  val 0.1589  patience 1/0  eval 27.2s
epoch 8/30  align=0.4465  unif=-3.7290  bce=0.1919  train 16.5s  val 0.1785  test 0.1659 (new best)  eval 27.1s
epoch 9/30  align=0.4404  unif=-3.7344  bce=0.1881  train 14.0s  val 0.1800  test 0.1699 (new best)  eval 27.2s
epoch 10/30  align=0.4354  unif=-3.7414  bce=0.1846  train 13.9s  val 0.1558  patience 1/0  eval 27.1s
epoch 11/30  align=0.4339  unif=-3.7465  bce=0.1811  train 14.1s  val 0.1750  patience 2/0  eval 27.0s
epoch 12/30  align=0.4259  unif=-3.7502  bce=0.1795  train 14.3s  val 0.1832  test 0.1507 (new best)  eval 26.8s
epoch 13/30  align=0.4230  unif=-3.7509  bce=0.1780  train 15.2s  val 0.1901  test 0.1600 (new best)  eval 27.0s
epoch 14/30  align=0.4212  unif=-3.7528  bce=0.1769  train 15.6s  val 0.1960  test 0.1858 (new best)  eval 26.8s
epoch 15/30  align=0.4144  unif=-3.7550  bce=0.1758  train 15.3s  val 0.2365  test 0.2185 (new best)  eval 27.1s
epoch 16/30  align=0.4105  unif=-3.7593  bce=0.1736  train 15.8s  val 0.2340  patience 1/0  eval 27.2s
epoch 17/30  align=0.4100  unif=-3.7648  bce=0.1730  train 15.3s  val 0.2226  patience 2/0  eval 27.0s
epoch 18/30  align=0.4009  unif=-3.7672  bce=0.1716  train 15.4s  val 0.2041  patience 3/0  eval 26.8s
epoch 19/30  align=0.3959  unif=-3.7693  bce=0.1697  train 15.5s  val 0.2406  test 0.2141 (new best)  eval 26.9s
epoch 20/30  align=0.3929  unif=-3.7720  bce=0.1682  train 15.4s  val 0.2515  test 0.2177 (new best)  eval 26.8s
epoch 21/30  align=0.3908  unif=-3.7738  bce=0.1667  train 14.6s  val 0.2548  test 0.2206 (new best)  eval 27.1s
epoch 22/30  align=0.3866  unif=-3.7741  bce=0.1656  train 14.5s  val 0.2527  patience 1/0  eval 26.8s
epoch 23/30  align=0.3849  unif=-3.7767  bce=0.1643  train 14.6s  val 0.2278  patience 2/0  eval 27.0s
epoch 24/30  align=0.3827  unif=-3.7781  bce=0.1648  train 14.4s  val 0.2730  test 0.2264 (new best)  eval 27.1s
epoch 25/30  align=0.3816  unif=-3.7816  bce=0.1627  train 14.7s  val 0.2282  patience 1/0  eval 27.0s
epoch 26/30  align=0.3789  unif=-3.7824  bce=0.1615  train 15.0s  val 0.2597  patience 2/0  eval 26.9s
epoch 27/30  align=0.3782  unif=-3.7843  bce=0.1603  train 14.6s  val 0.2565  patience 3/0  eval 27.0s
epoch 28/30  align=0.3751  unif=-3.7851  bce=0.1597  train 14.6s  val 0.2675  patience 4/0  eval 26.9s
epoch 29/30  align=0.3736  unif=-3.7853  bce=0.1583  train 14.5s  val 0.2556  patience 5/0  eval 26.9s
epoch 30/30  align=0.3725  unif=-3.7855  bce=0.1584  train 14.5s  val 0.2747  test 0.2455 (new best)  eval 26.8s
  restored best weights from epoch 30 (val 0.2747, test 0.2455)

=== Final results ===
  dataset:           tgbl-wiki
  seed:              7
  stopped_at_epoch:  30
  best_val_mrr:      0.2747
  best_test_mrr:     0.2455
===== c1 seed 7 done =====
=== c1 complete ===
