===== c2 seed 42 → logs/t12_c2_seed42.log =====
=== tempest-embedding training ===
dataset: tgbl-wiki
device:  cuda
seed:    42
loaded in 1.4s
  num_nodes:     9,227
  directed:      False  (dataset default)
  bipartite:     True
  dst_pool:      952 unique destinations
  T_train:       1862652
  train edges:   110,232
  val edges:     23,621
  test edges:    23,621
  has_node_feat: False
  has_edge_feat: True (d=172)

=== Config ===
  num_nodes: 9227
  is_directed: False
  is_bipartite: True
  dst_pool: <ndarray shape=(952,) dtype=int32>
  t_train_span: 1862652.0
  d_node_feat: None
  d_edge_feat: 172
  ef_on_target: False
  ef_on_context: True
  ef_target_per_position: False
  d_emb: 128
  d_proj: 128
  eta_uniform: 1.0
  uniform_temperature: 2.0
  uniform_pairs: 5000
  beta_time: 1.0
  num_walks_per_node: 5
  max_walk_len: 20
  walk_bias: ExponentialWeight
  start_bias: Uniform
  num_neg_per_pos: 10
  hist_neg_ratio: 0.5
  reservoir_size: 32
  lr: 0.001
  weight_decay: 0.0001
  num_epochs: 30
  early_stop_patience: 0
  seed: 42
  use_gpu: True
  use_gpu_tempest: False
  monitor_sample_pct: 1.0
  skip_final_full_eval: True

=== Parameter counts ===
  embedding_table:    1,181,056
  p_target:              66,048
  p_context:            121,088
  link_head:            574,466
  TOTAL trainable:    1,942,658

=== Training ===
epoch 1/30  align=0.4217  unif=-1.7433  bce=0.2936  train 20.7s  val 0.0685  test 0.0780 (new best)  eval 27.1s
epoch 2/30  align=0.5166  unif=-3.1448  bce=0.2527  train 15.7s  val 0.0436  patience 1/0  eval 26.8s
epoch 3/30  align=0.5340  unif=-3.5230  bce=0.2344  train 15.8s  val 0.0910  test 0.0910 (new best)  eval 26.8s
epoch 4/30  align=0.5239  unif=-3.6150  bce=0.2256  train 16.6s  val 0.0842  patience 1/0  eval 26.7s
epoch 5/30  align=0.5120  unif=-3.6498  bce=0.2174  train 16.7s  val 0.0828  patience 2/0  eval 26.9s
epoch 6/30  align=0.5100  unif=-3.6750  bce=0.2128  train 16.6s  val 0.0785  patience 3/0  eval 27.0s
epoch 7/30  align=0.5034  unif=-3.6890  bce=0.2116  train 16.3s  val 0.1316  test 0.1372 (new best)  eval 26.9s
epoch 8/30  align=0.4950  unif=-3.6981  bce=0.2090  train 15.7s  val 0.1470  test 0.1351 (new best)  eval 27.1s
epoch 9/30  align=0.4887  unif=-3.7101  bce=0.2059  train 16.6s  val 0.1327  patience 1/0  eval 27.0s
epoch 10/30  align=0.4861  unif=-3.7170  bce=0.2027  train 16.6s  val 0.1211  patience 2/0  eval 26.9s
epoch 11/30  align=0.4801  unif=-3.7232  bce=0.1994  train 16.9s  val 0.1173  patience 3/0  eval 27.1s
epoch 12/30  align=0.4766  unif=-3.7302  bce=0.1979  train 16.7s  val 0.1240  patience 4/0  eval 27.0s
epoch 13/30  align=0.4731  unif=-3.7340  bce=0.1946  train 16.5s  val 0.1388  patience 5/0  eval 26.9s
epoch 14/30  align=0.4669  unif=-3.7381  bce=0.1925  train 16.7s  val 0.1297  patience 6/0  eval 26.9s
epoch 15/30  align=0.4597  unif=-3.7401  bce=0.1912  train 16.6s  val 0.1728  test 0.1708 (new best)  eval 26.9s
epoch 16/30  align=0.4582  unif=-3.7427  bce=0.1888  train 15.9s  val 0.1421  patience 1/0  eval 26.7s
epoch 17/30  align=0.4529  unif=-3.7455  bce=0.1847  train 15.5s  val 0.1567  patience 2/0  eval 26.9s
epoch 18/30  align=0.4483  unif=-3.7469  bce=0.1838  train 16.1s  val 0.1538  patience 3/0  eval 27.8s
epoch 19/30  align=0.4458  unif=-3.7498  bce=0.1819  train 15.6s  val 0.1507  patience 4/0  eval 27.3s
epoch 20/30  align=0.4430  unif=-3.7527  bce=0.1804  train 16.4s  val 0.1839  test 0.1769 (new best)  eval 27.2s
epoch 21/30  align=0.4391  unif=-3.7556  bce=0.1780  train 16.5s  val 0.1673  patience 1/0  eval 27.2s
epoch 22/30  align=0.4346  unif=-3.7563  bce=0.1747  train 16.3s  val 0.1524  patience 2/0  eval 26.9s
epoch 23/30  align=0.4286  unif=-3.7590  bce=0.1727  train 16.1s  val 0.1520  patience 3/0  eval 27.0s
epoch 24/30  align=0.4248  unif=-3.7591  bce=0.1703  train 16.1s  val 0.1599  patience 4/0  eval 26.8s
epoch 25/30  align=0.4200  unif=-3.7630  bce=0.1689  train 16.1s  val 0.1820  patience 5/0  eval 27.0s
epoch 26/30  align=0.4154  unif=-3.7625  bce=0.1664  train 16.4s  val 0.1902  test 0.1867 (new best)  eval 26.9s
epoch 27/30  align=0.4120  unif=-3.7649  bce=0.1647  train 15.5s  val 0.2006  test 0.1913 (new best)  eval 27.0s
epoch 28/30  align=0.4070  unif=-3.7630  bce=0.1634  train 16.5s  val 0.2105  test 0.1977 (new best)  eval 26.8s
epoch 29/30  align=0.4036  unif=-3.7630  bce=0.1615  train 16.1s  val 0.1784  patience 1/0  eval 26.7s
epoch 30/30  align=0.4011  unif=-3.7650  bce=0.1605  train 16.2s  val 0.2533  test 0.2140 (new best)  eval 26.9s
  restored best weights from epoch 30 (val 0.2533, test 0.2140)

=== Final results ===
  dataset:           tgbl-wiki
  seed:              42
  stopped_at_epoch:  30
  best_val_mrr:      0.2533
  best_test_mrr:     0.2140
===== c2 seed 42 done =====
===== c2 seed 123 → logs/t12_c2_seed123.log =====
=== tempest-embedding training ===
dataset: tgbl-wiki
device:  cuda
seed:    123
loaded in 1.4s
  num_nodes:     9,227
  directed:      False  (dataset default)
  bipartite:     True
  dst_pool:      952 unique destinations
  T_train:       1862652
  train edges:   110,232
  val edges:     23,621
  test edges:    23,621
  has_node_feat: False
  has_edge_feat: True (d=172)

=== Config ===
  num_nodes: 9227
  is_directed: False
  is_bipartite: True
  dst_pool: <ndarray shape=(952,) dtype=int32>
  t_train_span: 1862652.0
  d_node_feat: None
  d_edge_feat: 172
  ef_on_target: False
  ef_on_context: True
  ef_target_per_position: False
  d_emb: 128
  d_proj: 128
  eta_uniform: 1.0
  uniform_temperature: 2.0
  uniform_pairs: 5000
  beta_time: 1.0
  num_walks_per_node: 5
  max_walk_len: 20
  walk_bias: ExponentialWeight
  start_bias: Uniform
  num_neg_per_pos: 10
  hist_neg_ratio: 0.5
  reservoir_size: 32
  lr: 0.001
  weight_decay: 0.0001
  num_epochs: 30
  early_stop_patience: 0
  seed: 123
  use_gpu: True
  use_gpu_tempest: False
  monitor_sample_pct: 1.0
  skip_final_full_eval: True

=== Parameter counts ===
  embedding_table:    1,181,056
  p_target:              66,048
  p_context:            121,088
  link_head:            574,466
  TOTAL trainable:    1,942,658

=== Training ===
epoch 1/30  align=0.4247  unif=-1.8735  bce=0.2898  train 20.5s  val 0.0440  test 0.0384 (new best)  eval 27.0s
epoch 2/30  align=0.4812  unif=-3.1079  bce=0.2453  train 17.2s  val 0.0457  test 0.0350 (new best)  eval 26.8s
epoch 3/30  align=0.4861  unif=-3.4701  bce=0.2236  train 16.6s  val 0.0797  test 0.0692 (new best)  eval 27.0s
epoch 4/30  align=0.4771  unif=-3.6287  bce=0.2085  train 16.6s  val 0.1425  test 0.1532 (new best)  eval 26.8s
epoch 5/30  align=0.4628  unif=-3.6759  bce=0.2002  train 16.4s  val 0.1648  test 0.1553 (new best)  eval 26.7s
epoch 6/30  align=0.4486  unif=-3.7036  bce=0.1946  train 17.4s  val 0.1255  patience 1/0  eval 26.7s
epoch 7/30  align=0.4414  unif=-3.7176  bce=0.1905  train 16.4s  val 0.1194  patience 2/0  eval 26.9s
epoch 8/30  align=0.4350  unif=-3.7257  bce=0.1874  train 16.6s  val 0.1327  patience 3/0  eval 26.8s
epoch 9/30  align=0.4243  unif=-3.7315  bce=0.1835  train 16.3s  val 0.1667  test 0.1181 (new best)  eval 26.8s
epoch 10/30  align=0.4190  unif=-3.7370  bce=0.1796  train 17.1s  val 0.1928  test 0.1734 (new best)  eval 26.8s
epoch 11/30  align=0.4144  unif=-3.7430  bce=0.1770  train 15.5s  val 0.1705  patience 1/0  eval 26.9s
epoch 12/30  align=0.4101  unif=-3.7466  bce=0.1726  train 15.8s  val 0.2199  test 0.1962 (new best)  eval 26.7s
epoch 13/30  align=0.4055  unif=-3.7529  bce=0.1716  train 16.4s  val 0.1899  patience 1/0  eval 26.6s
epoch 14/30  align=0.4055  unif=-3.7553  bce=0.1696  train 16.0s  val 0.1768  patience 2/0  eval 26.8s
epoch 15/30  align=0.4036  unif=-3.7589  bce=0.1690  train 15.9s  val 0.1845  patience 3/0  eval 26.8s
epoch 16/30  align=0.4050  unif=-3.7624  bce=0.1673  train 16.0s  val 0.2399  test 0.2267 (new best)  eval 26.8s
epoch 17/30  align=0.4003  unif=-3.7603  bce=0.1667  train 15.9s  val 0.2006  patience 1/0  eval 26.7s
epoch 18/30  align=0.3974  unif=-3.7627  bce=0.1661  train 16.0s  val 0.2260  patience 2/0  eval 26.7s
epoch 19/30  align=0.3953  unif=-3.7657  bce=0.1654  train 15.9s  val 0.2223  patience 3/0  eval 26.7s
epoch 20/30  align=0.3905  unif=-3.7690  bce=0.1635  train 15.9s  val 0.2378  patience 4/0  eval 26.7s
epoch 21/30  align=0.3880  unif=-3.7656  bce=0.1630  train 16.0s  val 0.2262  patience 5/0  eval 26.7s
epoch 22/30  align=0.3851  unif=-3.7701  bce=0.1613  train 15.9s  val 0.2588  test 0.2071 (new best)  eval 26.7s
epoch 23/30  align=0.3819  unif=-3.7711  bce=0.1578  train 15.7s  val 0.2108  patience 1/0  eval 26.7s
epoch 24/30  align=0.3800  unif=-3.7760  bce=0.1587  train 15.5s  val 0.2142  patience 2/0  eval 26.5s
epoch 25/30  align=0.3785  unif=-3.7734  bce=0.1567  train 15.6s  val 0.1975  patience 3/0  eval 26.7s
epoch 26/30  align=0.3777  unif=-3.7759  bce=0.1568  train 15.6s  val 0.2264  patience 4/0  eval 26.7s
epoch 27/30  align=0.3758  unif=-3.7805  bce=0.1560  train 15.5s  val 0.1775  patience 5/0  eval 26.7s
epoch 28/30  align=0.3730  unif=-3.7802  bce=0.1549  train 15.6s  val 0.1867  patience 6/0  eval 26.6s
epoch 29/30  align=0.3711  unif=-3.7833  bce=0.1546  train 15.6s  val 0.1721  patience 7/0  eval 26.6s
epoch 30/30  align=0.3673  unif=-3.7854  bce=0.1543  train 15.6s  val 0.2414  patience 8/0  eval 26.8s
  restored best weights from epoch 22 (val 0.2588, test 0.2071)

=== Final results ===
  dataset:           tgbl-wiki
  seed:              123
  stopped_at_epoch:  22
  best_val_mrr:      0.2588
  best_test_mrr:     0.2071
===== c2 seed 123 done =====
===== c2 seed 7 → logs/t12_c2_seed7.log =====
=== tempest-embedding training ===
dataset: tgbl-wiki
device:  cuda
seed:    7
loaded in 1.3s
  num_nodes:     9,227
  directed:      False  (dataset default)
  bipartite:     True
  dst_pool:      952 unique destinations
  T_train:       1862652
  train edges:   110,232
  val edges:     23,621
  test edges:    23,621
  has_node_feat: False
  has_edge_feat: True (d=172)

=== Config ===
  num_nodes: 9227
  is_directed: False
  is_bipartite: True
  dst_pool: <ndarray shape=(952,) dtype=int32>
  t_train_span: 1862652.0
  d_node_feat: None
  d_edge_feat: 172
  ef_on_target: False
  ef_on_context: True
  ef_target_per_position: False
  d_emb: 128
  d_proj: 128
  eta_uniform: 1.0
  uniform_temperature: 2.0
  uniform_pairs: 5000
  beta_time: 1.0
  num_walks_per_node: 5
  max_walk_len: 20
  walk_bias: ExponentialWeight
  start_bias: Uniform
  num_neg_per_pos: 10
  hist_neg_ratio: 0.5
  reservoir_size: 32
  lr: 0.001
  weight_decay: 0.0001
  num_epochs: 30
  early_stop_patience: 0
  seed: 7
  use_gpu: True
  use_gpu_tempest: False
  monitor_sample_pct: 1.0
  skip_final_full_eval: True

=== Parameter counts ===
  embedding_table:    1,181,056
  p_target:              66,048
  p_context:            121,088
  link_head:            574,466
  TOTAL trainable:    1,942,658

=== Training ===
epoch 1/30  align=0.4540  unif=-2.0805  bce=0.2923  train 19.1s  val 0.0297  test 0.0284 (new best)  eval 26.7s
epoch 2/30  align=0.5401  unif=-3.3016  bce=0.2542  train 16.8s  val 0.0348  test 0.0384 (new best)  eval 26.8s
epoch 3/30  align=0.5302  unif=-3.5785  bce=0.2381  train 16.2s  val 0.0922  test 0.1020 (new best)  eval 26.6s
epoch 4/30  align=0.5129  unif=-3.6533  bce=0.2225  train 15.1s  val 0.0711  patience 1/0  eval 26.7s
epoch 5/30  align=0.4965  unif=-3.6817  bce=0.2105  train 15.1s  val 0.1130  test 0.0927 (new best)  eval 26.8s
epoch 6/30  align=0.4850  unif=-3.6993  bce=0.2051  train 15.2s  val 0.1371  test 0.1145 (new best)  eval 26.9s
epoch 7/30  align=0.4754  unif=-3.7105  bce=0.2004  train 14.4s  val 0.1248  patience 1/0  eval 26.7s
epoch 8/30  align=0.4710  unif=-3.7152  bce=0.1985  train 14.5s  val 0.1737  test 0.1671 (new best)  eval 27.1s
epoch 9/30  align=0.4679  unif=-3.7236  bce=0.1958  train 14.3s  val 0.1674  patience 1/0  eval 26.7s
epoch 10/30  align=0.4594  unif=-3.7294  bce=0.1938  train 14.3s  val 0.1191  patience 2/0  eval 26.8s
epoch 11/30  align=0.4599  unif=-3.7332  bce=0.1925  train 14.4s  val 0.1270  patience 3/0  eval 26.8s
epoch 12/30  align=0.4546  unif=-3.7340  bce=0.1904  train 14.3s  val 0.1310  patience 4/0  eval 26.8s
epoch 13/30  align=0.4500  unif=-3.7397  bce=0.1880  train 14.3s  val 0.1388  patience 5/0  eval 26.7s
epoch 14/30  align=0.4497  unif=-3.7407  bce=0.1869  train 14.2s  val 0.1466  patience 6/0  eval 26.6s
epoch 15/30  align=0.4457  unif=-3.7455  bce=0.1870  train 14.3s  val 0.1798  test 0.1662 (new best)  eval 26.8s
epoch 16/30  align=0.4460  unif=-3.7496  bce=0.1859  train 15.2s  val 0.1471  patience 1/0  eval 26.8s
epoch 17/30  align=0.4405  unif=-3.7543  bce=0.1849  train 15.2s  val 0.1750  patience 2/0  eval 26.8s
epoch 18/30  align=0.4351  unif=-3.7575  bce=0.1825  train 15.1s  val 0.1876  test 0.1291 (new best)  eval 26.8s
epoch 19/30  align=0.4335  unif=-3.7598  bce=0.1804  train 14.6s  val 0.2004  test 0.1416 (new best)  eval 26.8s
epoch 20/30  align=0.4280  unif=-3.7649  bce=0.1797  train 14.4s  val 0.2080  test 0.1594 (new best)  eval 26.7s
epoch 21/30  align=0.4250  unif=-3.7633  bce=0.1778  train 14.5s  val 0.1949  patience 1/0  eval 26.7s
epoch 22/30  align=0.4261  unif=-3.7632  bce=0.1749  train 14.4s  val 0.1904  patience 2/0  eval 26.7s
epoch 23/30  align=0.4179  unif=-3.7669  bce=0.1723  train 14.4s  val 0.2125  test 0.1679 (new best)  eval 26.7s
epoch 24/30  align=0.4123  unif=-3.7707  bce=0.1721  train 15.7s  val 0.2340  test 0.2131 (new best)  eval 26.8s
epoch 25/30  align=0.4111  unif=-3.7725  bce=0.1706  train 17.4s  val 0.2326  patience 1/0  eval 26.7s
epoch 26/30  align=0.4067  unif=-3.7755  bce=0.1688  train 16.8s  val 0.2737  test 0.2282 (new best)  eval 26.7s
epoch 27/30  align=0.4022  unif=-3.7777  bce=0.1670  train 15.0s  val 0.2084  patience 1/0  eval 26.7s
epoch 28/30  align=0.3956  unif=-3.7795  bce=0.1655  train 15.0s  val 0.2583  patience 2/0  eval 26.7s
epoch 29/30  align=0.3912  unif=-3.7776  bce=0.1643  train 15.0s  val 0.2258  patience 3/0  eval 26.8s
epoch 30/30  align=0.3885  unif=-3.7797  bce=0.1634  train 14.9s  val 0.2369  patience 4/0  eval 26.6s
  restored best weights from epoch 26 (val 0.2737, test 0.2282)

=== Final results ===
  dataset:           tgbl-wiki
  seed:              7
  stopped_at_epoch:  26
  best_val_mrr:      0.2737
  best_test_mrr:     0.2282
===== c2 seed 7 done =====
=== c2 complete ===
