=== tempest-embedding training ===
dataset: tgbl-wiki
device:  cuda
seed:    42
loaded in 1.4s
  num_nodes:     9,227
  directed:      False  (dataset default)
  bipartite:     True
  dst_pool:      952 unique destinations
  T_train:       1862652
  train edges:   110,232
  val edges:     23,621
  test edges:    23,621
  has_node_feat: False
  has_edge_feat: True (d=172)

=== Config ===
  num_nodes: 9227
  is_directed: False
  is_bipartite: True
  dst_pool: <ndarray shape=(952,) dtype=int32>
  t_train_span: 1862652.0
  d_node_feat: None
  d_edge_feat: 172
  ef_on_target: False
  ef_on_context: True
  ef_target_per_position: False
  d_emb: 128
  d_proj: 128
  eta_uniform: 1.0
  uniform_temperature: 2.0
  uniform_pairs: 5000
  beta_time: 1.0
  num_walks_per_node: 5
  max_walk_len: 20
  walk_bias: ExponentialWeight
  start_bias: Uniform
  num_neg_per_pos: 10
  hist_neg_ratio: 0.5
  reservoir_size: 32
  lr: 0.001
  weight_decay: 0.0001
  num_epochs: 30
  early_stop_patience: 0
  seed: 42
  use_gpu: True
  use_gpu_tempest: False
  monitor_sample_pct: 1.0
  skip_final_full_eval: True

=== Parameter counts ===
  embedding_table:    1,181,056
  p_target:              66,048
  p_context:            121,088
  link_head:            574,466
  TOTAL trainable:    1,942,658

=== Training ===
epoch 1/30  align=0.4217  unif=-1.7433  bce=0.2936  train 20.7s  val 0.0685  test 0.0780 (new best)  eval 27.1s
epoch 2/30  align=0.5166  unif=-3.1448  bce=0.2527  train 15.7s  val 0.0436  patience 1/0  eval 26.8s
epoch 3/30  align=0.5340  unif=-3.5230  bce=0.2344  train 15.8s  val 0.0910  test 0.0910 (new best)  eval 26.8s
epoch 4/30  align=0.5239  unif=-3.6150  bce=0.2256  train 16.6s  val 0.0842  patience 1/0  eval 26.7s
epoch 5/30  align=0.5120  unif=-3.6498  bce=0.2174  train 16.7s  val 0.0828  patience 2/0  eval 26.9s
epoch 6/30  align=0.5100  unif=-3.6750  bce=0.2128  train 16.6s  val 0.0785  patience 3/0  eval 27.0s
epoch 7/30  align=0.5034  unif=-3.6890  bce=0.2116  train 16.3s  val 0.1316  test 0.1372 (new best)  eval 26.9s
epoch 8/30  align=0.4950  unif=-3.6981  bce=0.2090  train 15.7s  val 0.1470  test 0.1351 (new best)  eval 27.1s
epoch 9/30  align=0.4887  unif=-3.7101  bce=0.2059  train 16.6s  val 0.1327  patience 1/0  eval 27.0s
epoch 10/30  align=0.4861  unif=-3.7170  bce=0.2027  train 16.6s  val 0.1211  patience 2/0  eval 26.9s
epoch 11/30  align=0.4801  unif=-3.7232  bce=0.1994  train 16.9s  val 0.1173  patience 3/0  eval 27.1s
epoch 12/30  align=0.4766  unif=-3.7302  bce=0.1979  train 16.7s  val 0.1240  patience 4/0  eval 27.0s
epoch 13/30  align=0.4731  unif=-3.7340  bce=0.1946  train 16.5s  val 0.1388  patience 5/0  eval 26.9s
epoch 14/30  align=0.4669  unif=-3.7381  bce=0.1925  train 16.7s  val 0.1297  patience 6/0  eval 26.9s
epoch 15/30  align=0.4597  unif=-3.7401  bce=0.1912  train 16.6s  val 0.1728  test 0.1708 (new best)  eval 26.9s
epoch 16/30  align=0.4582  unif=-3.7427  bce=0.1888  train 15.9s  val 0.1421  patience 1/0  eval 26.7s
epoch 17/30  align=0.4529  unif=-3.7455  bce=0.1847  train 15.5s  val 0.1567  patience 2/0  eval 26.9s
epoch 18/30  align=0.4483  unif=-3.7469  bce=0.1838  train 16.1s  val 0.1538  patience 3/0  eval 27.8s
epoch 19/30  align=0.4458  unif=-3.7498  bce=0.1819  train 15.6s  val 0.1507  patience 4/0  eval 27.3s
epoch 20/30  align=0.4430  unif=-3.7527  bce=0.1804  train 16.4s  val 0.1839  test 0.1769 (new best)  eval 27.2s
epoch 21/30  align=0.4391  unif=-3.7556  bce=0.1780  train 16.5s  val 0.1673  patience 1/0  eval 27.2s
epoch 22/30  align=0.4346  unif=-3.7563  bce=0.1747  train 16.3s  val 0.1524  patience 2/0  eval 26.9s
epoch 23/30  align=0.4286  unif=-3.7590  bce=0.1727  train 16.1s  val 0.1520  patience 3/0  eval 27.0s
epoch 24/30  align=0.4248  unif=-3.7591  bce=0.1703  train 16.1s  val 0.1599  patience 4/0  eval 26.8s
epoch 25/30  align=0.4200  unif=-3.7630  bce=0.1689  train 16.1s  val 0.1820  patience 5/0  eval 27.0s
epoch 26/30  align=0.4154  unif=-3.7625  bce=0.1664  train 16.4s  val 0.1902  test 0.1867 (new best)  eval 26.9s
epoch 27/30  align=0.4120  unif=-3.7649  bce=0.1647  train 15.5s  val 0.2006  test 0.1913 (new best)  eval 27.0s
epoch 28/30  align=0.4070  unif=-3.7630  bce=0.1634  train 16.5s  val 0.2105  test 0.1977 (new best)  eval 26.8s
epoch 29/30  align=0.4036  unif=-3.7630  bce=0.1615  train 16.1s  val 0.1784  patience 1/0  eval 26.7s
epoch 30/30  align=0.4011  unif=-3.7650  bce=0.1605  train 16.2s  val 0.2533  test 0.2140 (new best)  eval 26.9s
  restored best weights from epoch 30 (val 0.2533, test 0.2140)

=== Final results ===
  dataset:           tgbl-wiki
  seed:              42
  stopped_at_epoch:  30
  best_val_mrr:      0.2533
  best_test_mrr:     0.2140
