===== c3 seed 42 → logs/t12_c3_seed42.log =====
=== tempest-embedding training ===
dataset: tgbl-wiki
device:  cuda
seed:    42
loaded in 1.3s
  num_nodes:     9,227
  directed:      False  (dataset default)
  bipartite:     True
  dst_pool:      952 unique destinations
  T_train:       1862652
  train edges:   110,232
  val edges:     23,621
  test edges:    23,621
  has_node_feat: False
  has_edge_feat: True (d=172)

=== Config ===
  num_nodes: 9227
  is_directed: False
  is_bipartite: True
  dst_pool: <ndarray shape=(952,) dtype=int32>
  t_train_span: 1862652.0
  d_node_feat: None
  d_edge_feat: 172
  ef_on_target: True
  ef_on_context: False
  ef_target_per_position: False
  d_emb: 128
  d_proj: 128
  eta_uniform: 1.0
  uniform_temperature: 2.0
  uniform_pairs: 5000
  beta_time: 1.0
  num_walks_per_node: 5
  max_walk_len: 20
  walk_bias: ExponentialWeight
  start_bias: Uniform
  num_neg_per_pos: 10
  hist_neg_ratio: 0.5
  reservoir_size: 32
  lr: 0.001
  weight_decay: 0.0001
  num_epochs: 30
  early_stop_patience: 0
  seed: 42
  use_gpu: True
  use_gpu_tempest: False
  monitor_sample_pct: 1.0
  skip_final_full_eval: True

=== Parameter counts ===
  embedding_table:    1,181,056
  p_target:             121,088
  p_context:             66,048
  link_head:            574,466
  TOTAL trainable:    1,942,658

=== Training ===
epoch 1/30  align=0.0127  unif=-0.0000  bce=0.3118  train 20.0s  val 0.1064  test 0.1043 (new best)  eval 26.8s
epoch 2/30  align=0.0000  unif=0.0000  bce=0.3046  train 15.9s  val 0.0169  patience 1/0  eval 26.7s
epoch 3/30  align=0.0000  unif=0.0000  bce=0.3046  train 16.1s  val 0.9770  test 0.9761 (new best)  eval 26.7s
epoch 4/30  align=0.0000  unif=0.0000  bce=0.3046  train 15.0s  val 0.9973  test 0.9982 (new best)  eval 26.6s
epoch 5/30  align=0.0000  unif=0.0000  bce=0.3046  train 15.7s  val 0.0020  patience 1/0  eval 26.5s
epoch 6/30  align=0.0000  unif=0.0000  bce=0.3046  train 16.2s  val 0.0020  patience 2/0  eval 26.7s
epoch 7/30  align=0.0000  unif=0.0000  bce=0.3046  train 15.1s  val 0.0020  patience 3/0  eval 26.6s
epoch 8/30  align=0.0000  unif=0.0000  bce=0.3046  train 15.0s  val 0.9990  test 0.9989 (new best)  eval 26.4s
epoch 9/30  align=0.0000  unif=0.0000  bce=0.3046  train 15.3s  val 0.0020  patience 1/0  eval 26.4s
epoch 10/30  align=0.0000  unif=0.0000  bce=0.3046  train 15.2s  val 0.0020  patience 2/0  eval 26.0s
epoch 11/30  align=0.0000  unif=0.0000  bce=0.3046  train 15.6s  val 0.0010  patience 3/0  eval 25.8s
epoch 12/30  align=0.0000  unif=0.0000  bce=0.3046  train 15.2s  val 0.0030  patience 4/0  eval 25.7s
epoch 13/30  align=0.0000  unif=0.0000  bce=0.3046  train 15.2s  val 0.0020  patience 5/0  eval 25.7s
epoch 14/30  align=0.0000  unif=0.0000  bce=0.3046  train 15.2s  val 0.0010  patience 6/0  eval 25.6s
epoch 15/30  align=0.0000  unif=0.0000  bce=0.3046  train 15.1s  val 0.0020  patience 7/0  eval 25.7s
epoch 16/30  align=0.0000  unif=0.0000  bce=0.3046  train 15.5s  val 0.0020  patience 8/0  eval 25.7s
epoch 17/30  align=0.0000  unif=0.0000  bce=0.3046  train 15.3s  val 0.0020  patience 9/0  eval 25.7s
epoch 18/30  align=0.0000  unif=0.0000  bce=0.3046  train 15.2s  val 0.0020  patience 10/0  eval 25.6s
epoch 19/30  align=0.0000  unif=0.0000  bce=0.3046  train 15.1s  val 1.0000  test 0.9989 (new best)  eval 25.5s
epoch 20/30  align=0.0000  unif=0.0000  bce=0.3046  train 17.4s  val 0.0020  patience 1/0  eval 25.4s
epoch 21/30  align=0.0000  unif=0.0000  bce=0.3046  train 15.7s  val 0.0020  patience 2/0  eval 25.2s
epoch 22/30  align=0.0000  unif=0.0000  bce=0.3046  train 15.5s  val 0.0020  patience 3/0  eval 25.2s
epoch 23/30  align=0.0000  unif=0.0000  bce=0.3046  train 15.6s  val 0.0020  patience 4/0  eval 25.3s
epoch 24/30  align=0.0000  unif=0.0000  bce=0.3046  train 15.6s  val 0.0020  patience 5/0  eval 25.3s
epoch 25/30  align=0.0000  unif=0.0000  bce=0.3046  train 15.6s  val 0.0020  patience 6/0  eval 25.3s
epoch 26/30  align=0.0000  unif=0.0000  bce=0.3046  train 16.1s  val 0.0020  patience 7/0  eval 25.4s
epoch 27/30  align=0.0000  unif=0.0000  bce=0.3046  train 16.0s  val 0.0020  patience 8/0  eval 25.4s
epoch 28/30  align=0.0000  unif=0.0000  bce=0.3046  train 16.0s  val 0.0020  patience 9/0  eval 25.5s
