=== tempest-embedding training ===
dataset: tgbl-wiki
device:  cuda
seed:    42
loaded in 1.2s
  num_nodes:     9,227
  dst_pool:      952 unique destinations
  t_min:         0
  t_max:         1862652
  T_train:       1862652
  t_max_full:    2678373
  T_full:        2678373
  median_inter_arrival: 12.0
  mean_inter_arrival:   17.4
  train edges:   110,232
  val edges:     23,621
  test edges:    23,621

=== Config ===
  num_nodes: 9227
  dst_pool: <ndarray shape=(952,) dtype=int32>
  d_emb: 128
  tau_link: 1.0
  K_train: 100
  use_pair_features: True
  num_walks_per_node: 5
  max_walk_len: 20
  walk_bias: ExponentialWeight
  start_bias: ExponentialWeight
  max_time_capacity: -1
  lr: 0.001
  lr_min: 1e-05
  weight_decay: 0.0001
  warmup_fraction: 0.05
  warmup_steps_cap: 500
  decay_horizon_epochs: 50
  num_epochs: 20
  early_stop_patience: 5
  seed: 42
  use_gpu: True
  use_gpu_tempest: True

=== Parameter counts ===
  embedding_table:    1,181,056
  link_head:             26,054
  TOTAL trainable:    1,207,110

=== Training ===
  LR schedule (warmup+cosine): peak=1.00e-03 floor=1.00e-05; warmup=500 decay_horizon=27600 (50ep x 552 batches)
epoch 1/20  link=2.1078  lr=1.00e-03  train 24.2s  val 0.7688  test 0.7548 (new best)  eval 78.4s
epoch 2/20  link=1.2919  lr=9.99e-04  train 20.4s  val 0.7909  test 0.7753 (new best)  eval 79.3s
epoch 3/20  link=1.1772  lr=9.96e-04  train 20.7s  val 0.7992  test 0.7814 (new best)  eval 79.9s
epoch 4/20  link=1.1077  lr=9.90e-04  train 20.2s  val 0.8003  test 0.7815 (new best)  eval 80.3s
epoch 5/20  link=1.0521  lr=9.83e-04  train 20.8s  val 0.7990  patience 1/5  eval 80.3s
epoch 6/20  link=1.0067  lr=9.74e-04  train 21.1s  val 0.7974  patience 2/5  eval 83.1s
epoch 7/20  link=0.9596  lr=9.63e-04  train 21.3s  val 0.7938  patience 3/5  eval 83.9s
epoch 8/20  link=0.9135  lr=9.50e-04  train 21.1s  val 0.7908  patience 4/5  eval 82.9s
epoch 9/20  link=0.8720  lr=9.35e-04  train 21.5s  val 0.7868  patience 5/5  eval 82.6s
  restored best weights from epoch 4 (val 0.8003, test 0.7815)

=== Final results ===
  dataset:           tgbl-wiki
  seed:              42
  stopped_at_epoch:  4
  best_val_mrr:      0.8003
  best_test_mrr:     0.7815
