=== tempest-embedding training ===
dataset: tgbl-wiki
device:  cuda
seed:    42
loaded in 1.4s
  --force-no-ef: overriding d_edge_feat to None
  num_nodes:     9,227
  directed:      False  (dataset default)
  bipartite:     True
  dst_pool:      952 unique destinations
  T_train:       1862652
  train edges:   110,232
  val edges:     23,621
  test edges:    23,621
  has_node_feat: False
  has_edge_feat: True

=== Config ===
  num_nodes: 9227
  is_directed: False
  is_bipartite: True
  dst_pool: <ndarray shape=(952,) dtype=int32>
  t_train_span: 1862652.0
  d_node_feat: None
  d_edge_feat: None
  ef_on_target: False
  ef_on_context: True
  ef_target_per_position: False
  d_emb: 128
  d_proj: 128
  eta_uniform: 1.0
  uniform_temperature: 2.0
  uniform_pairs: 5000
  beta_time: 1.0
  num_walks_per_node: 5
  max_walk_len: 20
  walk_bias: ExponentialWeight
  start_bias: Uniform
  num_neg_per_pos: 10
  hist_neg_ratio: 0.5
  reservoir_size: 32
  lr: 0.001
  weight_decay: 0.0001
  num_epochs: 30
  early_stop_patience: 0
  seed: 42
  use_gpu: True
  use_gpu_tempest: False
  monitor_sample_pct: 1.0
  skip_final_full_eval: True

=== Parameter counts ===
  embedding_table:    1,181,056
  p_target:              66,048
  p_context:             66,048
  link_head:            574,466
  TOTAL trainable:    1,887,618

=== Training ===
epoch 1/30  align=0.5948  unif=-3.6189  bce=0.2912  train 19.7s  val 0.0440  test 0.0359 (new best)  eval 26.4s
epoch 2/30  align=0.6131  unif=-6.2183  bce=0.2363  train 16.2s  val 0.1120  test 0.1045 (new best)  eval 26.6s
epoch 3/30  align=0.6364  unif=-7.0639  bce=0.2129  train 15.6s  val 0.1725  test 0.1622 (new best)  eval 26.7s
epoch 4/30  align=0.5972  unif=-7.3163  bce=0.1989  train 15.4s  val 0.2190  test 0.1948 (new best)  eval 26.7s
epoch 5/30  align=0.5652  unif=-7.4304  bce=0.1912  train 15.6s  val 0.2897  test 0.2847 (new best)  eval 26.7s
epoch 6/30  align=0.5450  unif=-7.4935  bce=0.1856  train 16.1s  val 0.2712  patience 1/0  eval 27.1s
epoch 7/30  align=0.5330  unif=-7.5256  bce=0.1804  train 15.6s  val 0.2785  patience 2/0  eval 27.0s
epoch 8/30  align=0.5273  unif=-7.5540  bce=0.1758  train 15.5s  val 0.3221  test 0.3115 (new best)  eval 27.0s
epoch 9/30  align=0.5177  unif=-7.5727  bce=0.1729  train 14.3s  val 0.2789  patience 1/0  eval 26.7s
epoch 10/30  align=0.5129  unif=-7.5847  bce=0.1703  train 14.4s  val 0.3408  test 0.3170 (new best)  eval 26.8s
epoch 11/30  align=0.5056  unif=-7.6012  bce=0.1671  train 14.8s  val 0.3300  patience 1/0  eval 27.1s
epoch 12/30  align=0.5020  unif=-7.6094  bce=0.1655  train 14.5s  val 0.2979  patience 2/0  eval 26.9s
epoch 13/30  align=0.4994  unif=-7.6200  bce=0.1628  train 14.4s  val 0.3523  test 0.3253 (new best)  eval 26.9s
epoch 14/30  align=0.4943  unif=-7.6293  bce=0.1620  train 14.4s  val 0.3170  patience 1/0  eval 26.9s
epoch 15/30  align=0.4913  unif=-7.6344  bce=0.1604  train 14.4s  val 0.3138  patience 2/0  eval 26.9s
epoch 16/30  align=0.4873  unif=-7.6379  bce=0.1613  train 14.8s  val 0.2867  patience 3/0  eval 27.2s
epoch 17/30  align=0.4842  unif=-7.6449  bce=0.1595  train 14.4s  val 0.3054  patience 4/0  eval 26.7s
epoch 18/30  align=0.4826  unif=-7.6463  bce=0.1584  train 14.4s  val 0.3079  patience 5/0  eval 26.8s
epoch 19/30  align=0.4792  unif=-7.6486  bce=0.1580  train 14.4s  val 0.3663  test 0.3500 (new best)  eval 26.8s
epoch 20/30  align=0.4786  unif=-7.6578  bce=0.1571  train 15.3s  val 0.3800  test 0.3569 (new best)  eval 26.9s
epoch 21/30  align=0.4746  unif=-7.6562  bce=0.1561  train 14.8s  val 0.3413  patience 1/0  eval 26.8s
epoch 22/30  align=0.4736  unif=-7.6576  bce=0.1556  train 14.3s  val 0.3380  patience 2/0  eval 27.0s
epoch 23/30  align=0.4699  unif=-7.6610  bce=0.1557  train 14.3s  val 0.3257  patience 3/0  eval 27.0s
epoch 24/30  align=0.4690  unif=-7.6624  bce=0.1551  train 14.3s  val 0.3772  patience 4/0  eval 27.0s
epoch 25/30  align=0.4660  unif=-7.6668  bce=0.1545  train 14.3s  val 0.3410  patience 5/0  eval 26.8s
epoch 26/30  align=0.4657  unif=-7.6666  bce=0.1529  train 15.3s  val 0.3447  patience 6/0  eval 27.3s
epoch 27/30  align=0.4634  unif=-7.6690  bce=0.1528  train 14.4s  val 0.3353  patience 7/0  eval 27.0s
epoch 28/30  align=0.4626  unif=-7.6660  bce=0.1525  train 14.3s  val 0.3220  patience 8/0  eval 26.9s
epoch 29/30  align=0.4626  unif=-7.6685  bce=0.1524  train 14.3s  val 0.3740  patience 9/0  eval 26.8s
epoch 30/30  align=0.4607  unif=-7.6710  bce=0.1518  train 14.3s  val 0.3803  test 0.3594 (new best)  eval 26.8s
  restored best weights from epoch 30 (val 0.3803, test 0.3594)

=== Final results ===
  dataset:           tgbl-wiki
  seed:              42
  stopped_at_epoch:  30
  best_val_mrr:      0.3803
  best_test_mrr:     0.3594
