=== tempest-embedding training ===
dataset: tgbl-wiki
device:  cuda
seed:    42
loaded in 1.5s
  num_nodes:     9,227
  directed:      False  (dataset default)
  bipartite:     True
  dst_pool:      952 unique destinations
  T_train:       1862652
  train edges:   110,232
  val edges:     23,621
  test edges:    23,621
  has_node_feat: False
  has_edge_feat: True (d=172)

=== Config ===
  num_nodes: 9227
  is_directed: False
  is_bipartite: True
  dst_pool: <ndarray shape=(952,) dtype=int32>
  t_train_span: 1862652.0
  d_node_feat: None
  d_edge_feat: 172
  ef_on_target: False
  ef_on_context: True
  ef_target_per_position: False
  d_emb: 128
  d_proj: 128
  eta_uniform: 1.0
  uniform_temperature: 2.0
  uniform_pairs: 5000
  beta_time: 1.0
  num_walks_per_node: 5
  max_walk_len: 20
  walk_bias: ExponentialWeight
  start_bias: Uniform
  num_neg_per_pos: 10
  hist_neg_ratio: 0.5
  reservoir_size: 32
  lr: 0.001
  weight_decay: 0.0001
  num_epochs: 30
  early_stop_patience: 0
  seed: 42
  use_gpu: True
  use_gpu_tempest: False
  monitor_sample_pct: 1.0
  skip_final_full_eval: True

=== Parameter counts ===
  embedding_table:    1,181,056
  p_target:              66,048
  p_context:            121,088
  link_head:            574,466
  TOTAL trainable:    1,942,658

=== Training ===
epoch 1/30  align=0.4550  unif=-3.9887  bce=0.2949  train 21.7s  val 0.0338  test 0.0156 (new best)  eval 27.3s
epoch 2/30  align=0.5809  unif=-6.8661  bce=0.2621  train 16.9s  val 0.0230  patience 1/0  eval 27.1s
epoch 3/30  align=0.5944  unif=-7.3558  bce=0.2525  train 16.8s  val 0.0258  patience 2/0  eval 26.8s
epoch 4/30  align=0.5871  unif=-7.4700  bce=0.2461  train 16.9s  val 0.0260  patience 3/0  eval 26.9s
epoch 5/30  align=0.5809  unif=-7.5134  bce=0.2417  train 16.8s  val 0.0856  test 0.0981 (new best)  eval 27.1s
epoch 6/30  align=0.5756  unif=-7.5423  bce=0.2367  train 17.7s  val 0.0973  test 0.1033 (new best)  eval 27.2s
epoch 7/30  align=0.5683  unif=-7.5563  bce=0.2308  train 17.7s  val 0.0729  patience 1/0  eval 27.0s
epoch 8/30  align=0.5602  unif=-7.5656  bce=0.2250  train 17.6s  val 0.0801  patience 2/0  eval 27.2s
epoch 9/30  align=0.5497  unif=-7.5755  bce=0.2222  train 17.4s  val 0.1141  test 0.1172 (new best)  eval 27.1s
epoch 10/30  align=0.5364  unif=-7.5827  bce=0.2174  train 17.3s  val 0.1237  test 0.1193 (new best)  eval 27.0s
epoch 11/30  align=0.5261  unif=-7.5952  bce=0.2168  train 16.3s  val 0.1252  test 0.1386 (new best)  eval 27.2s
epoch 12/30  align=0.5153  unif=-7.6018  bce=0.2120  train 16.7s  val 0.0831  patience 1/0  eval 27.2s
epoch 13/30  align=0.5066  unif=-7.6083  bce=0.2110  train 16.7s  val 0.1154  patience 2/0  eval 27.0s
epoch 14/30  align=0.4988  unif=-7.6152  bce=0.2094  train 16.6s  val 0.1355  test 0.1349 (new best)  eval 27.2s
epoch 15/30  align=0.4923  unif=-7.6180  bce=0.2073  train 16.1s  val 0.1197  patience 1/0  eval 27.0s
epoch 16/30  align=0.4833  unif=-7.6212  bce=0.2053  train 16.6s  val 0.1540  test 0.1621 (new best)  eval 27.0s
epoch 17/30  align=0.4753  unif=-7.6265  bce=0.2013  train 16.6s  val 0.1185  patience 1/0  eval 27.1s
epoch 18/30  align=0.4704  unif=-7.6264  bce=0.2004  train 16.7s  val 0.1484  patience 2/0  eval 27.0s
epoch 19/30  align=0.4674  unif=-7.6277  bce=0.1974  train 16.5s  val 0.1554  test 0.1200 (new best)  eval 26.9s
epoch 20/30  align=0.4576  unif=-7.6374  bce=0.1944  train 15.8s  val 0.1361  patience 1/0  eval 27.0s
epoch 21/30  align=0.4540  unif=-7.6399  bce=0.1925  train 16.1s  val 0.1811  test 0.1778 (new best)  eval 26.9s
epoch 22/30  align=0.4458  unif=-7.6404  bce=0.1910  train 16.5s  val 0.1430  patience 1/0  eval 26.8s
epoch 23/30  align=0.4444  unif=-7.6433  bce=0.1913  train 16.6s  val 0.1582  patience 2/0  eval 26.9s
epoch 24/30  align=0.4408  unif=-7.6462  bce=0.1894  train 16.4s  val 0.2075  test 0.1876 (new best)  eval 26.8s
epoch 25/30  align=0.4359  unif=-7.6516  bce=0.1876  train 16.1s  val 0.1890  patience 1/0  eval 26.9s
epoch 26/30  align=0.4336  unif=-7.6494  bce=0.1866  train 16.2s  val 0.2201  test 0.1911 (new best)  eval 26.8s
epoch 27/30  align=0.4303  unif=-7.6496  bce=0.1846  train 16.5s  val 0.2273  test 0.1959 (new best)  eval 26.8s
epoch 28/30  align=0.4264  unif=-7.6466  bce=0.1831  train 16.2s  val 0.1715  patience 1/0  eval 26.6s
epoch 29/30  align=0.4244  unif=-7.6510  bce=0.1817  train 16.2s  val 0.1852  patience 2/0  eval 26.7s
epoch 30/30  align=0.4195  unif=-7.6523  bce=0.1798  train 16.0s  val 0.2222  patience 3/0  eval 26.7s
  restored best weights from epoch 27 (val 0.2273, test 0.1959)

=== Final results ===
  dataset:           tgbl-wiki
  seed:              42
  stopped_at_epoch:  27
  best_val_mrr:      0.2273
  best_test_mrr:     0.1959
