===== c2 seed 42 → logs/t12_c2_seed42.log =====
=== tempest-embedding training ===
dataset: tgbl-wiki
device:  cuda
seed:    42
loaded in 1.5s
  num_nodes:     9,227
  directed:      False  (dataset default)
  bipartite:     True
  dst_pool:      952 unique destinations
  T_train:       1862652
  train edges:   110,232
  val edges:     23,621
  test edges:    23,621
  has_node_feat: False
  has_edge_feat: True (d=172)

=== Config ===
  num_nodes: 9227
  is_directed: False
  is_bipartite: True
  dst_pool: <ndarray shape=(952,) dtype=int32>
  t_train_span: 1862652.0
  d_node_feat: None
  d_edge_feat: 172
  ef_on_target: False
  ef_on_context: True
  ef_target_per_position: False
  d_emb: 128
  d_proj: 128
  eta_uniform: 1.0
  uniform_temperature: 2.0
  uniform_pairs: 5000
  beta_time: 1.0
  num_walks_per_node: 5
  max_walk_len: 20
  walk_bias: ExponentialWeight
  start_bias: Uniform
  num_neg_per_pos: 10
  hist_neg_ratio: 0.5
  reservoir_size: 32
  lr: 0.001
  weight_decay: 0.0001
  num_epochs: 30
  early_stop_patience: 0
  seed: 42
  use_gpu: True
  use_gpu_tempest: False
  monitor_sample_pct: 1.0
  skip_final_full_eval: True

=== Parameter counts ===
  embedding_table:    1,181,056
  p_target:              66,048
  p_context:            121,088
  link_head:            574,466
  TOTAL trainable:    1,942,658

=== Training ===
epoch 1/30  align=0.4550  unif=-3.9887  bce=0.2949  train 21.7s  val 0.0338  test 0.0156 (new best)  eval 27.3s
epoch 2/30  align=0.5809  unif=-6.8661  bce=0.2621  train 16.9s  val 0.0230  patience 1/0  eval 27.1s
epoch 3/30  align=0.5944  unif=-7.3558  bce=0.2525  train 16.8s  val 0.0258  patience 2/0  eval 26.8s
epoch 4/30  align=0.5871  unif=-7.4700  bce=0.2461  train 16.9s  val 0.0260  patience 3/0  eval 26.9s
epoch 5/30  align=0.5809  unif=-7.5134  bce=0.2417  train 16.8s  val 0.0856  test 0.0981 (new best)  eval 27.1s
epoch 6/30  align=0.5756  unif=-7.5423  bce=0.2367  train 17.7s  val 0.0973  test 0.1033 (new best)  eval 27.2s
epoch 7/30  align=0.5683  unif=-7.5563  bce=0.2308  train 17.7s  val 0.0729  patience 1/0  eval 27.0s
epoch 8/30  align=0.5602  unif=-7.5656  bce=0.2250  train 17.6s  val 0.0801  patience 2/0  eval 27.2s
epoch 9/30  align=0.5497  unif=-7.5755  bce=0.2222  train 17.4s  val 0.1141  test 0.1172 (new best)  eval 27.1s
epoch 10/30  align=0.5364  unif=-7.5827  bce=0.2174  train 17.3s  val 0.1237  test 0.1193 (new best)  eval 27.0s
epoch 11/30  align=0.5261  unif=-7.5952  bce=0.2168  train 16.3s  val 0.1252  test 0.1386 (new best)  eval 27.2s
epoch 12/30  align=0.5153  unif=-7.6018  bce=0.2120  train 16.7s  val 0.0831  patience 1/0  eval 27.2s
epoch 13/30  align=0.5066  unif=-7.6083  bce=0.2110  train 16.7s  val 0.1154  patience 2/0  eval 27.0s
epoch 14/30  align=0.4988  unif=-7.6152  bce=0.2094  train 16.6s  val 0.1355  test 0.1349 (new best)  eval 27.2s
epoch 15/30  align=0.4923  unif=-7.6180  bce=0.2073  train 16.1s  val 0.1197  patience 1/0  eval 27.0s
epoch 16/30  align=0.4833  unif=-7.6212  bce=0.2053  train 16.6s  val 0.1540  test 0.1621 (new best)  eval 27.0s
epoch 17/30  align=0.4753  unif=-7.6265  bce=0.2013  train 16.6s  val 0.1185  patience 1/0  eval 27.1s
epoch 18/30  align=0.4704  unif=-7.6264  bce=0.2004  train 16.7s  val 0.1484  patience 2/0  eval 27.0s
epoch 19/30  align=0.4674  unif=-7.6277  bce=0.1974  train 16.5s  val 0.1554  test 0.1200 (new best)  eval 26.9s
epoch 20/30  align=0.4576  unif=-7.6374  bce=0.1944  train 15.8s  val 0.1361  patience 1/0  eval 27.0s
epoch 21/30  align=0.4540  unif=-7.6399  bce=0.1925  train 16.1s  val 0.1811  test 0.1778 (new best)  eval 26.9s
epoch 22/30  align=0.4458  unif=-7.6404  bce=0.1910  train 16.5s  val 0.1430  patience 1/0  eval 26.8s
epoch 23/30  align=0.4444  unif=-7.6433  bce=0.1913  train 16.6s  val 0.1582  patience 2/0  eval 26.9s
epoch 24/30  align=0.4408  unif=-7.6462  bce=0.1894  train 16.4s  val 0.2075  test 0.1876 (new best)  eval 26.8s
epoch 25/30  align=0.4359  unif=-7.6516  bce=0.1876  train 16.1s  val 0.1890  patience 1/0  eval 26.9s
epoch 26/30  align=0.4336  unif=-7.6494  bce=0.1866  train 16.2s  val 0.2201  test 0.1911 (new best)  eval 26.8s
epoch 27/30  align=0.4303  unif=-7.6496  bce=0.1846  train 16.5s  val 0.2273  test 0.1959 (new best)  eval 26.8s
epoch 28/30  align=0.4264  unif=-7.6466  bce=0.1831  train 16.2s  val 0.1715  patience 1/0  eval 26.6s
epoch 29/30  align=0.4244  unif=-7.6510  bce=0.1817  train 16.2s  val 0.1852  patience 2/0  eval 26.7s
epoch 30/30  align=0.4195  unif=-7.6523  bce=0.1798  train 16.0s  val 0.2222  patience 3/0  eval 26.7s
  restored best weights from epoch 27 (val 0.2273, test 0.1959)

=== Final results ===
  dataset:           tgbl-wiki
  seed:              42
  stopped_at_epoch:  27
  best_val_mrr:      0.2273
  best_test_mrr:     0.1959
===== c2 seed 42 done =====
===== c2 seed 123 → logs/t12_c2_seed123.log =====
=== tempest-embedding training ===
dataset: tgbl-wiki
device:  cuda
seed:    123
loaded in 1.4s
  num_nodes:     9,227
  directed:      False  (dataset default)
  bipartite:     True
  dst_pool:      952 unique destinations
  T_train:       1862652
  train edges:   110,232
  val edges:     23,621
  test edges:    23,621
  has_node_feat: False
  has_edge_feat: True (d=172)

=== Config ===
  num_nodes: 9227
  is_directed: False
  is_bipartite: True
  dst_pool: <ndarray shape=(952,) dtype=int32>
  t_train_span: 1862652.0
  d_node_feat: None
  d_edge_feat: 172
  ef_on_target: False
  ef_on_context: True
  ef_target_per_position: False
  d_emb: 128
  d_proj: 128
  eta_uniform: 1.0
  uniform_temperature: 2.0
  uniform_pairs: 5000
  beta_time: 1.0
  num_walks_per_node: 5
  max_walk_len: 20
  walk_bias: ExponentialWeight
  start_bias: Uniform
  num_neg_per_pos: 10
  hist_neg_ratio: 0.5
  reservoir_size: 32
  lr: 0.001
  weight_decay: 0.0001
  num_epochs: 30
  early_stop_patience: 0
  seed: 123
  use_gpu: True
  use_gpu_tempest: False
  monitor_sample_pct: 1.0
  skip_final_full_eval: True

=== Parameter counts ===
  embedding_table:    1,181,056
  p_target:              66,048
  p_context:            121,088
  link_head:            574,466
  TOTAL trainable:    1,942,658

=== Training ===
epoch 1/30  align=0.4583  unif=-4.1028  bce=0.2928  train 21.1s  val 0.0381  test 0.0285 (new best)  eval 26.9s
epoch 2/30  align=0.5706  unif=-6.8233  bce=0.2555  train 18.5s  val 0.0780  test 0.0836 (new best)  eval 27.2s
epoch 3/30  align=0.5939  unif=-7.3164  bce=0.2457  train 18.5s  val 0.0371  patience 1/0  eval 27.1s
epoch 4/30  align=0.5845  unif=-7.4550  bce=0.2405  train 18.4s  val 0.0455  patience 2/0  eval 27.1s
epoch 5/30  align=0.5742  unif=-7.5031  bce=0.2347  train 18.5s  val 0.0413  patience 3/0  eval 27.1s
epoch 6/30  align=0.5612  unif=-7.5354  bce=0.2283  train 18.1s  val 0.0453  patience 4/0  eval 26.9s
epoch 7/30  align=0.5562  unif=-7.5498  bce=0.2250  train 17.9s  val 0.0596  patience 5/0  eval 27.1s
epoch 8/30  align=0.5490  unif=-7.5620  bce=0.2210  train 18.0s  val 0.1216  test 0.1168 (new best)  eval 27.1s
epoch 9/30  align=0.5405  unif=-7.5749  bce=0.2168  train 17.8s  val 0.1211  patience 1/0  eval 26.9s
epoch 10/30  align=0.5304  unif=-7.5842  bce=0.2132  train 17.7s  val 0.1215  patience 2/0  eval 27.0s
epoch 11/30  align=0.5198  unif=-7.5930  bce=0.2103  train 17.7s  val 0.0954  patience 3/0  eval 26.9s
epoch 12/30  align=0.5114  unif=-7.5960  bce=0.2069  train 17.9s  val 0.1568  test 0.1366 (new best)  eval 27.0s
epoch 13/30  align=0.5064  unif=-7.6017  bce=0.2061  train 16.5s  val 0.1292  patience 1/0  eval 27.0s
epoch 14/30  align=0.5034  unif=-7.6055  bce=0.2050  train 16.6s  val 0.1056  patience 2/0  eval 27.3s
epoch 15/30  align=0.4983  unif=-7.6105  bce=0.2041  train 16.6s  val 0.1538  patience 3/0  eval 27.4s
epoch 16/30  align=0.4888  unif=-7.6177  bce=0.2007  train 16.5s  val 0.1085  patience 4/0  eval 27.2s
epoch 17/30  align=0.4859  unif=-7.6168  bce=0.1998  train 16.2s  val 0.1740  test 0.1525 (new best)  eval 26.9s
epoch 18/30  align=0.4770  unif=-7.6178  bce=0.1981  train 18.6s  val 0.1285  patience 1/0  eval 26.9s
epoch 19/30  align=0.4705  unif=-7.6294  bce=0.1953  train 17.7s  val 0.1421  patience 2/0  eval 27.1s
epoch 20/30  align=0.4621  unif=-7.6340  bce=0.1938  train 17.7s  val 0.1379  patience 3/0  eval 27.1s
epoch 21/30  align=0.4553  unif=-7.6292  bce=0.1908  train 17.8s  val 0.1493  patience 4/0  eval 26.8s
epoch 22/30  align=0.4489  unif=-7.6413  bce=0.1907  train 17.5s  val 0.1930  test 0.1751 (new best)  eval 26.9s
epoch 23/30  align=0.4427  unif=-7.6422  bce=0.1890  train 17.4s  val 0.1743  patience 1/0  eval 27.1s
epoch 24/30  align=0.4400  unif=-7.6497  bce=0.1878  train 17.2s  val 0.1608  patience 2/0  eval 27.2s
epoch 25/30  align=0.4349  unif=-7.6409  bce=0.1850  train 17.3s  val 0.1785  patience 3/0  eval 26.9s
epoch 26/30  align=0.4314  unif=-7.6467  bce=0.1856  train 17.4s  val 0.1774  patience 4/0  eval 27.0s
epoch 27/30  align=0.4283  unif=-7.6521  bce=0.1839  train 17.3s  val 0.2120  test 0.1902 (new best)  eval 27.0s
epoch 28/30  align=0.4272  unif=-7.6466  bce=0.1834  train 16.9s  val 0.1755  patience 1/0  eval 26.8s
epoch 29/30  align=0.4245  unif=-7.6523  bce=0.1816  train 16.8s  val 0.1619  patience 2/0  eval 26.8s
epoch 30/30  align=0.4223  unif=-7.6553  bce=0.1806  train 16.9s  val 0.1659  patience 3/0  eval 26.9s
  restored best weights from epoch 27 (val 0.2120, test 0.1902)

=== Final results ===
  dataset:           tgbl-wiki
  seed:              123
  stopped_at_epoch:  27
  best_val_mrr:      0.2120
  best_test_mrr:     0.1902
===== c2 seed 123 done =====
===== c2 seed 7 → logs/t12_c2_seed7.log =====
=== tempest-embedding training ===
dataset: tgbl-wiki
device:  cuda
seed:    7
loaded in 1.3s
  num_nodes:     9,227
  directed:      False  (dataset default)
  bipartite:     True
  dst_pool:      952 unique destinations
  T_train:       1862652
  train edges:   110,232
  val edges:     23,621
  test edges:    23,621
  has_node_feat: False
  has_edge_feat: True (d=172)

=== Config ===
  num_nodes: 9227
  is_directed: False
  is_bipartite: True
  dst_pool: <ndarray shape=(952,) dtype=int32>
  t_train_span: 1862652.0
  d_node_feat: None
  d_edge_feat: 172
  ef_on_target: False
  ef_on_context: True
  ef_target_per_position: False
  d_emb: 128
  d_proj: 128
  eta_uniform: 1.0
  uniform_temperature: 2.0
  uniform_pairs: 5000
  beta_time: 1.0
  num_walks_per_node: 5
  max_walk_len: 20
  walk_bias: ExponentialWeight
  start_bias: Uniform
  num_neg_per_pos: 10
  hist_neg_ratio: 0.5
  reservoir_size: 32
  lr: 0.001
  weight_decay: 0.0001
  num_epochs: 30
  early_stop_patience: 0
  seed: 7
  use_gpu: True
  use_gpu_tempest: False
  monitor_sample_pct: 1.0
  skip_final_full_eval: True

=== Parameter counts ===
  embedding_table:    1,181,056
  p_target:              66,048
  p_context:            121,088
  link_head:            574,466
  TOTAL trainable:    1,942,658

=== Training ===
epoch 1/30  align=0.4802  unif=-4.0925  bce=0.2927  train 20.1s  val 0.0368  test 0.0273 (new best)  eval 26.8s
epoch 2/30  align=0.5931  unif=-6.9311  bce=0.2586  train 17.8s  val 0.0637  test 0.0562 (new best)  eval 27.0s
epoch 3/30  align=0.5957  unif=-7.3579  bce=0.2497  train 17.8s  val 0.0388  patience 1/0  eval 26.9s
epoch 4/30  align=0.5824  unif=-7.4573  bce=0.2438  train 16.5s  val 0.0505  patience 2/0  eval 26.9s
epoch 5/30  align=0.5719  unif=-7.5099  bce=0.2379  train 16.3s  val 0.0583  patience 3/0  eval 26.8s
epoch 6/30  align=0.5593  unif=-7.5402  bce=0.2326  train 18.7s  val 0.0512  patience 4/0  eval 27.0s
epoch 7/30  align=0.5453  unif=-7.5584  bce=0.2267  train 16.3s  val 0.0658  test 0.0597 (new best)  eval 27.1s
epoch 8/30  align=0.5359  unif=-7.5702  bce=0.2205  train 18.4s  val 0.0849  test 0.0606 (new best)  eval 27.2s
epoch 9/30  align=0.5246  unif=-7.5777  bce=0.2155  train 17.6s  val 0.1201  test 0.1174 (new best)  eval 26.7s
epoch 10/30  align=0.5163  unif=-7.5879  bce=0.2135  train 16.6s  val 0.0893  patience 1/0  eval 26.9s
epoch 11/30  align=0.5094  unif=-7.5989  bce=0.2106  train 17.1s  val 0.1181  patience 2/0  eval 27.1s
epoch 12/30  align=0.5018  unif=-7.6031  bce=0.2086  train 16.6s  val 0.1436  test 0.1384 (new best)  eval 27.0s
epoch 13/30  align=0.4969  unif=-7.6086  bce=0.2061  train 17.2s  val 0.1787  test 0.1520 (new best)  eval 26.9s
epoch 14/30  align=0.4904  unif=-7.6088  bce=0.2045  train 16.5s  val 0.1249  patience 1/0  eval 26.8s
epoch 15/30  align=0.4890  unif=-7.6126  bce=0.2021  train 16.5s  val 0.1480  patience 2/0  eval 26.7s
epoch 16/30  align=0.4817  unif=-7.6174  bce=0.1985  train 16.7s  val 0.1795  test 0.1587 (new best)  eval 27.1s
epoch 17/30  align=0.4774  unif=-7.6234  bce=0.1960  train 16.3s  val 0.2073  test 0.1728 (new best)  eval 26.9s
epoch 18/30  align=0.4695  unif=-7.6223  bce=0.1947  train 17.1s  val 0.1750  patience 1/0  eval 26.8s
epoch 19/30  align=0.4652  unif=-7.6257  bce=0.1943  train 17.2s  val 0.2179  test 0.1815 (new best)  eval 26.8s
epoch 20/30  align=0.4599  unif=-7.6388  bce=0.1915  train 16.6s  val 0.1674  patience 1/0  eval 26.8s
epoch 21/30  align=0.4579  unif=-7.6351  bce=0.1898  train 16.7s  val 0.1895  patience 2/0  eval 27.0s
epoch 22/30  align=0.4499  unif=-7.6377  bce=0.1890  train 16.9s  val 0.1759  patience 3/0  eval 26.7s
epoch 23/30  align=0.4458  unif=-7.6424  bce=0.1873  train 17.0s  val 0.2366  test 0.1968 (new best)  eval 26.9s
epoch 24/30  align=0.4422  unif=-7.6438  bce=0.1864  train 16.4s  val 0.1887  patience 1/0  eval 26.8s
epoch 25/30  align=0.4397  unif=-7.6487  bce=0.1851  train 16.6s  val 0.2238  patience 2/0  eval 27.0s
epoch 26/30  align=0.4343  unif=-7.6514  bce=0.1825  train 16.8s  val 0.1691  patience 3/0  eval 27.0s
epoch 27/30  align=0.4315  unif=-7.6546  bce=0.1824  train 16.5s  val 0.1833  patience 4/0  eval 26.7s
epoch 28/30  align=0.4279  unif=-7.6564  bce=0.1805  train 16.4s  val 0.1914  patience 5/0  eval 26.8s
epoch 29/30  align=0.4267  unif=-7.6567  bce=0.1783  train 16.5s  val 0.1797  patience 6/0  eval 26.9s
epoch 30/30  align=0.4230  unif=-7.6605  bce=0.1763  train 16.4s  val 0.1807  patience 7/0  eval 26.8s
  restored best weights from epoch 23 (val 0.2366, test 0.1968)

=== Final results ===
  dataset:           tgbl-wiki
  seed:              7
  stopped_at_epoch:  23
  best_val_mrr:      0.2366
  best_test_mrr:     0.1968
===== c2 seed 7 done =====
=== c2 complete ===
