=== tempest-embedding training ===
dataset: tgbl-wiki
device:  cuda
seed:    42
loaded in 1.5s
  num_nodes:     9,227
  directed:      False  (dataset default)
  bipartite:     True
  dst_pool:      952 unique destinations
  T_train:       1862652
  train edges:   110,232
  val edges:     23,621
  test edges:    23,621
  has_node_feat: False
  has_edge_feat: True (d=172)

=== Config ===
  num_nodes: 9227
  is_directed: False
  is_bipartite: True
  dst_pool: <ndarray shape=(952,) dtype=int32>
  t_train_span: 1862652.0
  d_node_feat: None
  d_edge_feat: 172
  ef_on_target: True
  ef_on_context: False
  ef_target_per_position: False
  d_emb: 128
  d_proj: 128
  eta_uniform: 1.0
  uniform_temperature: 2.0
  uniform_pairs: 5000
  beta_time: 1.0
  num_walks_per_node: 5
  max_walk_len: 20
  walk_bias: ExponentialWeight
  start_bias: Uniform
  num_neg_per_pos: 10
  hist_neg_ratio: 0.5
  reservoir_size: 32
  lr: 0.001
  weight_decay: 0.0001
  num_epochs: 30
  early_stop_patience: 0
  seed: 42
  use_gpu: True
  use_gpu_tempest: False
  monitor_sample_pct: 1.0
  skip_final_full_eval: True

=== Parameter counts ===
  embedding_table:    1,181,056
  p_target:             121,088
  p_context:             66,048
  link_head:            574,466
  TOTAL trainable:    1,942,658

=== Training ===
epoch 1/30  align=0.4854  unif=-4.3683  bce=0.2971  train 21.5s  val 0.0185  test 0.0166 (new best)  eval 27.5s
epoch 2/30  align=0.5988  unif=-6.8732  bce=0.2747  train 16.6s  val 0.0249  test 0.0136 (new best)  eval 27.0s
epoch 3/30  align=0.6043  unif=-7.2977  bce=0.2654  train 16.9s  val 0.0358  test 0.0210 (new best)  eval 27.0s
epoch 4/30  align=0.5977  unif=-7.4199  bce=0.2586  train 16.1s  val 0.0598  test 0.0732 (new best)  eval 26.9s
epoch 5/30  align=0.5932  unif=-7.4825  bce=0.2540  train 14.9s  val 0.0661  test 0.0777 (new best)  eval 27.0s
epoch 6/30  align=0.5845  unif=-7.5213  bce=0.2492  train 16.2s  val 0.0847  test 0.0869 (new best)  eval 27.0s
epoch 7/30  align=0.5747  unif=-7.5495  bce=0.2442  train 16.4s  val 0.0844  patience 1/0  eval 26.9s
epoch 8/30  align=0.5636  unif=-7.5686  bce=0.2367  train 16.3s  val 0.0592  patience 2/0  eval 26.7s
epoch 9/30  align=0.5512  unif=-7.5825  bce=0.2303  train 16.5s  val 0.0840  patience 3/0  eval 26.9s
epoch 10/30  align=0.5394  unif=-7.5914  bce=0.2236  train 16.3s  val 0.0923  test 0.0818 (new best)  eval 27.0s
epoch 11/30  align=0.5316  unif=-7.6042  bce=0.2199  train 15.1s  val 0.1076  test 0.0896 (new best)  eval 27.2s
epoch 12/30  align=0.5197  unif=-7.6136  bce=0.2176  train 15.8s  val 0.1134  test 0.1039 (new best)  eval 27.0s
epoch 13/30  align=0.5076  unif=-7.6199  bce=0.2135  train 16.2s  val 0.1382  test 0.1156 (new best)  eval 27.0s
epoch 14/30  align=0.4989  unif=-7.6280  bce=0.2105  train 15.5s  val 0.1464  test 0.1270 (new best)  eval 27.1s
epoch 15/30  align=0.4909  unif=-7.6312  bce=0.2068  train 16.6s  val 0.1456  patience 1/0  eval 27.1s
epoch 16/30  align=0.4847  unif=-7.6376  bce=0.2032  train 16.9s  val 0.1544  test 0.1367 (new best)  eval 26.9s
epoch 17/30  align=0.4790  unif=-7.6419  bce=0.2008  train 17.3s  val 0.2128  test 0.1923 (new best)  eval 26.8s
epoch 18/30  align=0.4732  unif=-7.6421  bce=0.1979  train 17.1s  val 0.1695  patience 1/0  eval 26.7s
epoch 19/30  align=0.4677  unif=-7.6435  bce=0.1961  train 17.3s  val 0.1885  patience 2/0  eval 26.7s
epoch 20/30  align=0.4624  unif=-7.6520  bce=0.1942  train 17.1s  val 0.1865  patience 3/0  eval 26.6s
epoch 21/30  align=0.4610  unif=-7.6505  bce=0.1912  train 17.5s  val 0.2390  test 0.2174 (new best)  eval 27.0s
epoch 22/30  align=0.4522  unif=-7.6540  bce=0.1891  train 16.7s  val 0.1991  patience 1/0  eval 26.7s
epoch 23/30  align=0.4468  unif=-7.6579  bce=0.1876  train 16.8s  val 0.2506  test 0.2275 (new best)  eval 26.6s
epoch 24/30  align=0.4427  unif=-7.6606  bce=0.1852  train 15.4s  val 0.2135  patience 1/0  eval 26.8s
epoch 25/30  align=0.4367  unif=-7.6646  bce=0.1849  train 15.4s  val 0.2648  test 0.2425 (new best)  eval 26.7s
epoch 26/30  align=0.4313  unif=-7.6650  bce=0.1825  train 15.1s  val 0.2255  patience 1/0  eval 26.7s
epoch 27/30  align=0.4267  unif=-7.6674  bce=0.1815  train 14.3s  val 0.2660  test 0.2420 (new best)  eval 26.8s
epoch 28/30  align=0.4225  unif=-7.6623  bce=0.1793  train 15.0s  val 0.2522  patience 1/0  eval 26.7s
epoch 29/30  align=0.4205  unif=-7.6678  bce=0.1778  train 15.1s  val 0.2603  patience 2/0  eval 26.4s
epoch 30/30  align=0.4159  unif=-7.6701  bce=0.1764  train 14.9s  val 0.2229  patience 3/0  eval 27.1s
  restored best weights from epoch 27 (val 0.2660, test 0.2420)

=== Final results ===
  dataset:           tgbl-wiki
  seed:              42
  stopped_at_epoch:  27
  best_val_mrr:      0.2660
  best_test_mrr:     0.2420
