=== tempest-embedding training ===
dataset: tgbl-wiki
device:  cuda
seed:    123
loaded in 1.4s
  num_nodes:     9,227
  directed:      False  (dataset default)
  bipartite:     True
  dst_pool:      952 unique destinations
  T_train:       1862652
  train edges:   110,232
  val edges:     23,621
  test edges:    23,621
  has_node_feat: False
  has_edge_feat: True (d=172)

=== Config ===
  num_nodes: 9227
  is_directed: False
  is_bipartite: True
  dst_pool: <ndarray shape=(952,) dtype=int32>
  t_train_span: 1862652.0
  d_node_feat: None
  d_edge_feat: 172
  ef_on_target: True
  ef_on_context: True
  ef_target_per_position: False
  d_emb: 128
  d_proj: 128
  eta_uniform: 1.0
  uniform_temperature: 2.0
  uniform_pairs: 5000
  beta_time: 1.0
  num_walks_per_node: 5
  max_walk_len: 20
  walk_bias: ExponentialWeight
  start_bias: Uniform
  num_neg_per_pos: 10
  hist_neg_ratio: 0.5
  reservoir_size: 32
  lr: 0.001
  weight_decay: 0.0001
  num_epochs: 30
  early_stop_patience: 0
  seed: 123
  use_gpu: True
  use_gpu_tempest: False
  monitor_sample_pct: 1.0
  skip_final_full_eval: True

=== Parameter counts ===
  embedding_table:    1,181,056
  p_target:             121,088
  p_context:            121,088
  link_head:            574,466
  TOTAL trainable:    1,997,698

=== Training ===
epoch 1/30  align=0.0237  unif=-3.1096  bce=0.3124  train 20.9s  val 0.0091  test 0.0069 (new best)  eval 27.0s
epoch 2/30  align=0.0022  unif=-6.6847  bce=0.3013  train 16.7s  val 0.0226  test 0.0176 (new best)  eval 26.7s
epoch 3/30  align=0.0021  unif=-7.2799  bce=0.3019  train 16.9s  val 0.0068  patience 1/0  eval 26.5s
epoch 4/30  align=0.0020  unif=-7.4794  bce=0.3019  train 16.9s  val 0.0310  test 0.0157 (new best)  eval 26.7s
epoch 5/30  align=0.0018  unif=-7.5639  bce=0.3018  train 17.6s  val 0.0082  patience 1/0  eval 26.8s
epoch 6/30  align=0.0018  unif=-7.6147  bce=0.3017  train 17.7s  val 0.0089  patience 2/0  eval 26.8s
epoch 7/30  align=0.0016  unif=-7.6440  bce=0.3019  train 17.7s  val 0.0147  patience 3/0  eval 26.6s
epoch 8/30  align=0.0015  unif=-7.6619  bce=0.3022  train 17.7s  val 0.0142  patience 4/0  eval 26.6s
epoch 9/30  align=0.0014  unif=-7.6754  bce=0.3021  train 17.8s  val 0.0093  patience 5/0  eval 26.6s
epoch 10/30  align=0.0014  unif=-7.6866  bce=0.3024  train 18.1s  val 0.0128  patience 6/0  eval 26.6s
epoch 11/30  align=0.0013  unif=-7.6966  bce=0.3024  train 17.7s  val 0.0091  patience 7/0  eval 26.8s
epoch 12/30  align=0.0012  unif=-7.7005  bce=0.3022  train 17.6s  val 0.0076  patience 8/0  eval 26.7s
epoch 13/30  align=0.0011  unif=-7.7096  bce=0.3019  train 17.7s  val 0.0073  patience 9/0  eval 26.6s
epoch 14/30  align=0.0011  unif=-7.7123  bce=0.3024  train 17.7s  val 0.0096  patience 10/0  eval 26.7s
epoch 15/30  align=0.0010  unif=-7.7154  bce=0.3022  train 17.6s  val 0.0149  patience 11/0  eval 26.6s
epoch 16/30  align=0.0010  unif=-7.7227  bce=0.3025  train 17.6s  val 0.0114  patience 12/0  eval 26.6s
epoch 17/30  align=0.0009  unif=-7.7193  bce=0.3028  train 17.6s  val 0.0124  patience 13/0  eval 26.7s
epoch 18/30  align=0.0007  unif=-7.7228  bce=0.3028  train 17.6s  val 0.0158  patience 14/0  eval 26.7s
epoch 19/30  align=0.0006  unif=-7.7264  bce=0.3030  train 17.6s  val 0.0109  patience 15/0  eval 26.6s
epoch 20/30  align=0.0005  unif=-7.7316  bce=0.3032  train 17.8s  val 0.0094  patience 16/0  eval 26.7s
epoch 21/30  align=0.0006  unif=-7.7288  bce=0.3032  train 17.6s  val 0.0150  patience 17/0  eval 26.7s
epoch 22/30  align=0.0005  unif=-7.7370  bce=0.3030  train 17.6s  val 0.0167  patience 18/0  eval 26.7s
epoch 23/30  align=0.0004  unif=-7.7375  bce=0.3033  train 17.5s  val 0.0160  patience 19/0  eval 26.6s
epoch 24/30  align=0.0005  unif=-7.7423  bce=0.3035  train 17.6s  val 0.0179  patience 20/0  eval 26.6s
epoch 25/30  align=0.0004  unif=-7.7362  bce=0.3037  train 17.4s  val 0.0125  patience 21/0  eval 26.7s
epoch 26/30  align=0.0004  unif=-7.7385  bce=0.3033  train 17.5s  val 0.0125  patience 22/0  eval 26.6s
epoch 27/30  align=0.0004  unif=-7.7455  bce=0.3035  train 17.6s  val 0.0198  patience 23/0  eval 26.6s
epoch 28/30  align=0.0004  unif=-7.7418  bce=0.3035  train 17.5s  val 0.0237  patience 24/0  eval 26.7s
epoch 29/30  align=0.0004  unif=-7.7463  bce=0.3034  train 17.6s  val 0.0128  patience 25/0  eval 26.8s
epoch 30/30  align=0.0004  unif=-7.7497  bce=0.3036  train 17.5s  val 0.0139  patience 26/0  eval 26.6s
  restored best weights from epoch 4 (val 0.0310, test 0.0157)

=== Final results ===
  dataset:           tgbl-wiki
  seed:              123
  stopped_at_epoch:  4
  best_val_mrr:      0.0310
  best_test_mrr:     0.0157
