=== tempest-embedding training ===
dataset: tgbl-wiki
device:  cuda
seed:    7
loaded in 1.3s
  num_nodes:     9,227
  directed:      False  (dataset default)
  bipartite:     True
  dst_pool:      952 unique destinations
  T_train:       1862652
  train edges:   110,232
  val edges:     23,621
  test edges:    23,621
  has_node_feat: False
  has_edge_feat: True (d=172)

=== Config ===
  num_nodes: 9227
  is_directed: False
  is_bipartite: True
  dst_pool: <ndarray shape=(952,) dtype=int32>
  t_train_span: 1862652.0
  d_node_feat: None
  d_edge_feat: 172
  ef_on_target: True
  ef_on_context: True
  ef_target_per_position: False
  d_emb: 128
  d_proj: 128
  eta_uniform: 1.0
  uniform_temperature: 2.0
  uniform_pairs: 5000
  beta_time: 1.0
  num_walks_per_node: 5
  max_walk_len: 20
  walk_bias: ExponentialWeight
  start_bias: Uniform
  num_neg_per_pos: 10
  hist_neg_ratio: 0.5
  reservoir_size: 32
  lr: 0.001
  weight_decay: 0.0001
  num_epochs: 30
  early_stop_patience: 0
  seed: 7
  use_gpu: True
  use_gpu_tempest: False
  monitor_sample_pct: 1.0
  skip_final_full_eval: True

=== Parameter counts ===
  embedding_table:    1,181,056
  p_target:             121,088
  p_context:            121,088
  link_head:            574,466
  TOTAL trainable:    1,997,698

=== Training ===
epoch 1/30  align=0.0274  unif=-3.7002  bce=0.3117  train 20.4s  val 0.0088  test 0.0066 (new best)  eval 26.6s
epoch 2/30  align=0.0021  unif=-6.6498  bce=0.3013  train 17.5s  val 0.0094  test 0.0117 (new best)  eval 26.7s
epoch 3/30  align=0.0020  unif=-7.2593  bce=0.3019  train 18.0s  val 0.0106  test 0.0125 (new best)  eval 26.7s
epoch 4/30  align=0.0019  unif=-7.4496  bce=0.3023  train 16.6s  val 0.0112  test 0.0108 (new best)  eval 26.6s
epoch 5/30  align=0.0018  unif=-7.5464  bce=0.3018  train 18.8s  val 0.0115  test 0.0107 (new best)  eval 26.6s
epoch 6/30  align=0.0016  unif=-7.6007  bce=0.3019  train 17.6s  val 0.0093  patience 1/0  eval 26.6s
epoch 7/30  align=0.0015  unif=-7.6426  bce=0.3018  train 17.6s  val 0.0130  test 0.0069 (new best)  eval 26.6s
epoch 8/30  align=0.0015  unif=-7.6641  bce=0.3017  train 17.5s  val 0.0112  patience 1/0  eval 26.8s
epoch 9/30  align=0.0014  unif=-7.6825  bce=0.3017  train 17.2s  val 0.0092  patience 2/0  eval 26.7s
epoch 10/30  align=0.0014  unif=-7.6959  bce=0.3016  train 17.2s  val 0.0129  patience 3/0  eval 26.6s
epoch 11/30  align=0.0013  unif=-7.7080  bce=0.3014  train 17.6s  val 0.0117  patience 4/0  eval 26.7s
epoch 12/30  align=0.0013  unif=-7.7110  bce=0.3014  train 17.2s  val 0.0122  patience 5/0  eval 26.7s
epoch 13/30  align=0.0013  unif=-7.7189  bce=0.3014  train 17.3s  val 0.0133  test 0.0069 (new best)  eval 26.6s
epoch 14/30  align=0.0013  unif=-7.7178  bce=0.3014  train 17.1s  val 0.0088  patience 1/0  eval 27.0s
epoch 15/30  align=0.0012  unif=-7.7227  bce=0.3014  train 17.2s  val 0.0137  test 0.0074 (new best)  eval 26.7s
epoch 16/30  align=0.0012  unif=-7.7245  bce=0.3017  train 17.0s  val 0.0153  test 0.0095 (new best)  eval 26.7s
epoch 17/30  align=0.0011  unif=-7.7291  bce=0.3019  train 16.7s  val 0.0150  patience 1/0  eval 26.6s
epoch 18/30  align=0.0011  unif=-7.7291  bce=0.3016  train 16.7s  val 0.0128  patience 2/0  eval 26.7s
epoch 19/30  align=0.0010  unif=-7.7303  bce=0.3020  train 16.8s  val 0.0179  test 0.0114 (new best)  eval 26.7s
epoch 20/30  align=0.0010  unif=-7.7400  bce=0.3017  train 17.2s  val 0.0221  test 0.0132 (new best)  eval 26.6s
epoch 21/30  align=0.0010  unif=-7.7359  bce=0.3014  train 16.9s  val 0.0152  patience 1/0  eval 26.8s
epoch 22/30  align=0.0009  unif=-7.7395  bce=0.3015  train 16.6s  val 0.0333  test 0.0268 (new best)  eval 26.7s
epoch 23/30  align=0.0009  unif=-7.7413  bce=0.3016  train 17.3s  val 0.0317  patience 1/0  eval 26.6s
epoch 24/30  align=0.0008  unif=-7.7450  bce=0.3016  train 17.1s  val 0.0284  patience 2/0  eval 26.6s
epoch 25/30  align=0.0008  unif=-7.7483  bce=0.3020  train 17.0s  val 0.0277  patience 3/0  eval 26.7s
epoch 26/30  align=0.0008  unif=-7.7497  bce=0.3020  train 17.3s  val 0.0196  patience 4/0  eval 26.6s
epoch 27/30  align=0.0007  unif=-7.7507  bce=0.3023  train 17.1s  val 0.0194  patience 5/0  eval 26.6s
epoch 28/30  align=0.0007  unif=-7.7528  bce=0.3027  train 17.0s  val 0.0086  patience 6/0  eval 26.5s
epoch 29/30  align=0.0006  unif=-7.7510  bce=0.3028  train 17.0s  val 0.0874  test 0.1094 (new best)  eval 26.7s
epoch 30/30  align=0.0005  unif=-7.7558  bce=0.3029  train 17.4s  val 0.0207  patience 1/0  eval 26.5s
  restored best weights from epoch 29 (val 0.0874, test 0.1094)

=== Final results ===
  dataset:           tgbl-wiki
  seed:              7
  stopped_at_epoch:  29
  best_val_mrr:      0.0874
  best_test_mrr:     0.1094
