=== tempest-embedding training ===
dataset: tgbl-wiki
device:  cuda
seed:    42
loaded in 1.4s
  num_nodes:     9,227
  directed:      False  (dataset default)
  bipartite:     True
  dst_pool:      952 unique destinations
  T_train:       1862652
  train edges:   110,232
  val edges:     23,621
  test edges:    23,621
  has_node_feat: False
  has_edge_feat: True (d=172)

=== Config ===
  num_nodes: 9227
  is_directed: False
  is_bipartite: True
  dst_pool: <ndarray shape=(952,) dtype=int32>
  t_train_span: 1862652.0
  d_node_feat: None
  d_edge_feat: 172
  ef_variant: asym
  d_emb: 128
  d_proj: 128
  eta_uniform: 1.0
  uniform_temperature: 2.0
  uniform_pairs: 5000
  beta_time: 1.0
  num_walks_per_node: 5
  max_walk_len: 20
  walk_bias: ExponentialWeight
  start_bias: Uniform
  num_neg_per_pos: 10
  hist_neg_ratio: 0.5
  reservoir_size: 32
  lr: 0.001
  weight_decay: 0.0001
  num_epochs: 30
  early_stop_patience: 0
  seed: 42
  use_gpu: True
  use_gpu_tempest: False
  monitor_sample_pct: 1.0
  skip_final_full_eval: True

=== Parameter counts ===
  embedding_table:    1,181,056
  p_target:              66,048
  p_context:             66,048
  link_head:            574,466
  TOTAL trainable:    1,887,618

=== Training ===
epoch 1/30  align=0.5429  unif=-3.6396  bce=0.2918  train 20.9s  val 0.0407  test 0.0353 (new best)  eval 27.0s
epoch 2/30  align=0.5431  unif=-6.3221  bce=0.2392  train 17.2s  val 0.1116  test 0.1120 (new best)  eval 26.9s
epoch 3/30  align=0.5573  unif=-7.1530  bce=0.2198  train 17.9s  val 0.1111  patience 1/0  eval 26.7s
epoch 4/30  align=0.5418  unif=-7.3826  bce=0.2101  train 17.8s  val 0.1173  test 0.0930 (new best)  eval 26.8s
epoch 5/30  align=0.5258  unif=-7.4850  bce=0.2050  train 18.6s  val 0.1799  test 0.1704 (new best)  eval 27.4s
epoch 6/30  align=0.5107  unif=-7.5370  bce=0.2025  train 17.1s  val 0.1656  patience 1/0  eval 27.4s
epoch 7/30  align=0.5009  unif=-7.5686  bce=0.1981  train 16.5s  val 0.1916  test 0.1491 (new best)  eval 26.9s
epoch 8/30  align=0.4917  unif=-7.5883  bce=0.1946  train 17.9s  val 0.2645  test 0.2256 (new best)  eval 26.8s
epoch 9/30  align=0.4827  unif=-7.6031  bce=0.1927  train 16.6s  val 0.2507  patience 1/0  eval 26.9s
epoch 10/30  align=0.4762  unif=-7.6154  bce=0.1903  train 16.7s  val 0.2348  patience 2/0  eval 27.0s
epoch 11/30  align=0.4699  unif=-7.6302  bce=0.1879  train 17.0s  val 0.2315  patience 3/0  eval 26.7s
epoch 12/30  align=0.4649  unif=-7.6380  bce=0.1851  train 16.7s  val 0.2727  test 0.2467 (new best)  eval 26.8s
epoch 13/30  align=0.4583  unif=-7.6459  bce=0.1824  train 17.3s  val 0.2930  test 0.2725 (new best)  eval 26.8s
epoch 14/30  align=0.4539  unif=-7.6558  bce=0.1801  train 17.8s  val 0.3007  test 0.2764 (new best)  eval 26.7s
epoch 15/30  align=0.4497  unif=-7.6576  bce=0.1775  train 16.2s  val 0.2883  patience 1/0  eval 26.8s
epoch 16/30  align=0.4453  unif=-7.6634  bce=0.1767  train 16.5s  val 0.3152  test 0.2995 (new best)  eval 26.9s
epoch 17/30  align=0.4444  unif=-7.6688  bce=0.1738  train 17.1s  val 0.2845  patience 1/0  eval 26.7s
epoch 18/30  align=0.4407  unif=-7.6696  bce=0.1712  train 17.2s  val 0.2847  patience 2/0  eval 26.7s
epoch 19/30  align=0.4392  unif=-7.6703  bce=0.1703  train 17.1s  val 0.3203  test 0.2970 (new best)  eval 26.9s
epoch 20/30  align=0.4352  unif=-7.6777  bce=0.1679  train 17.3s  val 0.2797  patience 1/0  eval 26.6s
epoch 21/30  align=0.4312  unif=-7.6783  bce=0.1662  train 17.7s  val 0.3043  patience 2/0  eval 27.0s
epoch 22/30  align=0.4272  unif=-7.6798  bce=0.1646  train 17.4s  val 0.3226  test 0.2686 (new best)  eval 26.7s
epoch 23/30  align=0.4224  unif=-7.6828  bce=0.1641  train 15.8s  val 0.3544  test 0.3342 (new best)  eval 26.7s
epoch 24/30  align=0.4194  unif=-7.6854  bce=0.1621  train 16.9s  val 0.3664  test 0.3414 (new best)  eval 26.8s
epoch 25/30  align=0.4153  unif=-7.6892  bce=0.1621  train 15.7s  val 0.3277  patience 1/0  eval 26.8s
epoch 26/30  align=0.4119  unif=-7.6882  bce=0.1597  train 16.0s  val 0.3676  test 0.3335 (new best)  eval 26.9s
epoch 27/30  align=0.4104  unif=-7.6886  bce=0.1588  train 15.3s  val 0.3681  test 0.3474 (new best)  eval 26.6s
epoch 28/30  align=0.4085  unif=-7.6857  bce=0.1568  train 16.4s  val 0.3740  test 0.3518 (new best)  eval 26.6s
epoch 29/30  align=0.4058  unif=-7.6899  bce=0.1567  train 16.4s  val 0.3329  patience 1/0  eval 26.7s
epoch 30/30  align=0.4029  unif=-7.6899  bce=0.1556  train 16.4s  val 0.3371  patience 2/0  eval 26.7s
  restored best weights from epoch 28 (val 0.3740, test 0.3518)

=== Final results ===
  dataset:           tgbl-wiki
  seed:              42
  stopped_at_epoch:  28
  best_val_mrr:      0.3740
  best_test_mrr:     0.3518
