=== tempest-embedding training ===
dataset: tgbl-wiki
device:  cuda
seed:    7
loaded in 1.3s
  num_nodes:     9,227
  directed:      False  (dataset default)
  bipartite:     True
  dst_pool:      952 unique destinations
  T_train:       1862652
  train edges:   110,232
  val edges:     23,621
  test edges:    23,621
  has_node_feat: False
  has_edge_feat: True (d=172)

=== Config ===
  num_nodes: 9227
  is_directed: False
  is_bipartite: True
  dst_pool: <ndarray shape=(952,) dtype=int32>
  t_train_span: 1862652.0
  d_node_feat: None
  d_edge_feat: 172
  ef_variant: sym_two
  d_emb: 128
  d_proj: 128
  eta_uniform: 1.0
  uniform_temperature: 2.0
  uniform_pairs: 5000
  beta_time: 1.0
  num_walks_per_node: 5
  max_walk_len: 20
  walk_bias: ExponentialWeight
  start_bias: Uniform
  num_neg_per_pos: 10
  hist_neg_ratio: 0.5
  reservoir_size: 32
  lr: 0.001
  weight_decay: 0.0001
  num_epochs: 30
  early_stop_patience: 0
  seed: 7
  use_gpu: True
  use_gpu_tempest: False
  monitor_sample_pct: 1.0
  skip_final_full_eval: True

=== Parameter counts ===
  embedding_table:    1,181,056
  p_target:              66,048
  p_context:             66,048
  link_head:            574,466
  TOTAL trainable:    1,887,618

=== Training ===
epoch 1/30  align=0.4695  unif=-4.2259  bce=0.2883  train 20.9s  val 0.0453  test 0.0504 (new best)  eval 26.5s
epoch 2/30  align=0.3549  unif=-6.8318  bce=0.2449  train 18.8s  val 0.1303  test 0.1440 (new best)  eval 26.8s
epoch 3/30  align=0.2499  unif=-7.3754  bce=0.2333  train 18.6s  val 0.1419  test 0.1342 (new best)  eval 26.3s
epoch 4/30  align=0.1840  unif=-7.5540  bce=0.2320  train 18.7s  val 0.0839  patience 1/0  eval 26.7s
epoch 5/30  align=0.1459  unif=-7.6342  bce=0.2353  train 18.7s  val 0.1404  patience 2/0  eval 26.7s
epoch 6/30  align=0.1181  unif=-7.6739  bce=0.2363  train 18.7s  val 0.1346  patience 3/0  eval 26.5s
epoch 7/30  align=0.0990  unif=-7.6975  bce=0.2369  train 18.5s  val 0.0926  patience 4/0  eval 26.8s
epoch 8/30  align=0.0847  unif=-7.7081  bce=0.2386  train 18.5s  val 0.0722  patience 5/0  eval 26.7s
epoch 9/30  align=0.0733  unif=-7.7166  bce=0.2411  train 18.5s  val 0.1208  patience 6/0  eval 26.6s
epoch 10/30  align=0.0643  unif=-7.7258  bce=0.2439  train 18.5s  val 0.1006  patience 7/0  eval 26.8s
epoch 11/30  align=0.0567  unif=-7.7327  bce=0.2467  train 18.5s  val 0.1196  patience 8/0  eval 26.9s
epoch 12/30  align=0.0502  unif=-7.7323  bce=0.2507  train 18.4s  val 0.0585  patience 9/0  eval 26.6s
epoch 13/30  align=0.0446  unif=-7.7411  bce=0.2538  train 18.6s  val 0.0660  patience 10/0  eval 26.8s
epoch 14/30  align=0.0397  unif=-7.7419  bce=0.2574  train 18.4s  val 0.0521  patience 11/0  eval 27.0s
epoch 15/30  align=0.0358  unif=-7.7440  bce=0.2630  train 19.1s  val 0.1110  patience 12/0  eval 26.8s
epoch 16/30  align=0.0321  unif=-7.7481  bce=0.2665  train 18.6s  val 0.0900  patience 13/0  eval 26.8s
epoch 17/30  align=0.0290  unif=-7.7504  bce=0.2699  train 18.5s  val 0.0549  patience 14/0  eval 26.7s
epoch 18/30  align=0.0262  unif=-7.7517  bce=0.2733  train 18.5s  val 0.1050  patience 15/0  eval 26.7s
epoch 19/30  align=0.0237  unif=-7.7524  bce=0.2764  train 18.4s  val 0.0461  patience 16/0  eval 26.7s
epoch 20/30  align=0.0215  unif=-7.7592  bce=0.2787  train 18.4s  val 0.0410  patience 17/0  eval 26.6s
epoch 21/30  align=0.0196  unif=-7.7535  bce=0.2778  train 18.8s  val 0.0376  patience 18/0  eval 26.7s
epoch 22/30  align=0.0180  unif=-7.7532  bce=0.2799  train 18.5s  val 0.0633  patience 19/0  eval 26.7s
epoch 23/30  align=0.0166  unif=-7.7542  bce=0.2805  train 18.5s  val 0.0973  patience 20/0  eval 26.5s
epoch 24/30  align=0.0154  unif=-7.7560  bce=0.2824  train 18.3s  val 0.0998  patience 21/0  eval 26.6s
epoch 25/30  align=0.0142  unif=-7.7602  bce=0.2833  train 18.3s  val 0.1226  patience 22/0  eval 26.6s
epoch 26/30  align=0.0132  unif=-7.7600  bce=0.2841  train 18.7s  val 0.0392  patience 23/0  eval 26.8s
epoch 27/30  align=0.0124  unif=-7.7595  bce=0.2852  train 18.4s  val 0.0889  patience 24/0  eval 26.7s
epoch 28/30  align=0.0116  unif=-7.7610  bce=0.2860  train 18.4s  val 0.0945  patience 25/0  eval 26.4s
epoch 29/30  align=0.0110  unif=-7.7578  bce=0.2868  train 18.4s  val 0.0539  patience 26/0  eval 26.5s
epoch 30/30  align=0.0105  unif=-7.7631  bce=0.2891  train 18.4s  val 0.0595  patience 27/0  eval 26.8s
  restored best weights from epoch 3 (val 0.1419, test 0.1342)

=== Final results ===
  dataset:           tgbl-wiki
  seed:              7
  stopped_at_epoch:  3
  best_val_mrr:      0.1419
  best_test_mrr:     0.1342
