=== tempest-embedding training ===
dataset: tgbl-wiki
device:  cuda
seed:    123
loaded in 1.4s
  num_nodes:     9,227
  directed:      False  (dataset default)
  bipartite:     True
  dst_pool:      952 unique destinations
  T_train:       1862652
  train edges:   110,232
  val edges:     23,621
  test edges:    23,621
  has_node_feat: False
  has_edge_feat: True (d=172)

=== Config ===
  num_nodes: 9227
  is_directed: False
  is_bipartite: True
  dst_pool: <ndarray shape=(952,) dtype=int32>
  t_train_span: 1862652.0
  d_node_feat: None
  d_edge_feat: 172
  ef_variant: asym
  d_emb: 128
  d_proj: 128
  eta_uniform: 1.0
  uniform_temperature: 2.0
  uniform_pairs: 5000
  beta_time: 1.0
  num_walks_per_node: 5
  max_walk_len: 20
  walk_bias: ExponentialWeight
  start_bias: Uniform
  num_neg_per_pos: 10
  hist_neg_ratio: 0.5
  reservoir_size: 32
  lr: 0.001
  weight_decay: 0.0001
  num_epochs: 30
  early_stop_patience: 0
  seed: 123
  use_gpu: True
  use_gpu_tempest: False
  monitor_sample_pct: 1.0
  skip_final_full_eval: True

=== Parameter counts ===
  embedding_table:    1,181,056
  p_target:              66,048
  p_context:             66,048
  link_head:            574,466
  TOTAL trainable:    1,887,618

=== Training ===
epoch 1/30  align=0.5537  unif=-3.9149  bce=0.2927  train 21.0s  val 0.0700  test 0.0536 (new best)  eval 26.6s
epoch 2/30  align=0.5673  unif=-6.4711  bce=0.2350  train 17.3s  val 0.1262  test 0.1034 (new best)  eval 26.8s
epoch 3/30  align=0.5528  unif=-7.1626  bce=0.2199  train 17.2s  val 0.1711  test 0.1510 (new best)  eval 26.6s
epoch 4/30  align=0.5369  unif=-7.3658  bce=0.2110  train 16.7s  val 0.1347  patience 1/0  eval 26.7s
epoch 5/30  align=0.5172  unif=-7.4626  bce=0.2074  train 16.5s  val 0.1850  test 0.1837 (new best)  eval 26.8s
epoch 6/30  align=0.5045  unif=-7.5278  bce=0.2028  train 16.2s  val 0.1316  patience 1/0  eval 26.8s
epoch 7/30  align=0.4953  unif=-7.5624  bce=0.1989  train 16.3s  val 0.1286  patience 2/0  eval 26.7s
epoch 8/30  align=0.4868  unif=-7.5840  bce=0.1951  train 16.3s  val 0.1289  patience 3/0  eval 26.6s
epoch 9/30  align=0.4775  unif=-7.6009  bce=0.1891  train 16.1s  val 0.1494  patience 4/0  eval 26.7s
epoch 10/30  align=0.4712  unif=-7.6131  bce=0.1851  train 16.5s  val 0.1247  patience 5/0  eval 26.7s
epoch 11/30  align=0.4639  unif=-7.6260  bce=0.1818  train 16.2s  val 0.1196  patience 6/0  eval 26.6s
epoch 12/30  align=0.4574  unif=-7.6303  bce=0.1794  train 16.1s  val 0.1249  patience 7/0  eval 26.7s
epoch 13/30  align=0.4523  unif=-7.6382  bce=0.1765  train 16.7s  val 0.1723  patience 8/0  eval 26.8s
epoch 14/30  align=0.4483  unif=-7.6443  bce=0.1751  train 16.1s  val 0.1950  test 0.1766 (new best)  eval 26.6s
epoch 15/30  align=0.4440  unif=-7.6490  bce=0.1727  train 15.5s  val 0.2399  test 0.2271 (new best)  eval 26.6s
epoch 16/30  align=0.4392  unif=-7.6580  bce=0.1703  train 16.4s  val 0.2210  patience 1/0  eval 26.7s
epoch 17/30  align=0.4368  unif=-7.6545  bce=0.1683  train 16.2s  val 0.2568  test 0.2469 (new best)  eval 26.9s
epoch 18/30  align=0.4331  unif=-7.6583  bce=0.1668  train 16.8s  val 0.2516  patience 1/0  eval 26.7s
epoch 19/30  align=0.4300  unif=-7.6627  bce=0.1639  train 16.7s  val 0.2872  test 0.2676 (new best)  eval 26.7s
epoch 20/30  align=0.4269  unif=-7.6687  bce=0.1628  train 16.3s  val 0.2518  patience 1/0  eval 26.7s
epoch 21/30  align=0.4229  unif=-7.6652  bce=0.1617  train 16.4s  val 0.2812  patience 2/0  eval 26.7s
epoch 22/30  align=0.4218  unif=-7.6747  bce=0.1600  train 16.4s  val 0.2888  test 0.2539 (new best)  eval 26.7s
epoch 23/30  align=0.4186  unif=-7.6743  bce=0.1575  train 15.5s  val 0.2947  test 0.2628 (new best)  eval 26.8s
epoch 24/30  align=0.4151  unif=-7.6809  bce=0.1566  train 16.0s  val 0.3142  test 0.2579 (new best)  eval 26.6s
epoch 25/30  align=0.4122  unif=-7.6737  bce=0.1543  train 16.6s  val 0.2879  patience 1/0  eval 26.6s
epoch 26/30  align=0.4082  unif=-7.6786  bce=0.1531  train 16.6s  val 0.3221  test 0.2851 (new best)  eval 26.7s
epoch 27/30  align=0.4076  unif=-7.6835  bce=0.1524  train 17.2s  val 0.2712  patience 1/0  eval 26.7s
epoch 28/30  align=0.4050  unif=-7.6793  bce=0.1520  train 17.0s  val 0.2812  patience 2/0  eval 26.6s
epoch 29/30  align=0.4016  unif=-7.6839  bce=0.1508  train 17.2s  val 0.2815  patience 3/0  eval 26.7s
epoch 30/30  align=0.4029  unif=-7.6874  bce=0.1509  train 17.1s  val 0.2980  patience 4/0  eval 26.7s
  restored best weights from epoch 26 (val 0.3221, test 0.2851)

=== Final results ===
  dataset:           tgbl-wiki
  seed:              123
  stopped_at_epoch:  26
  best_val_mrr:      0.3221
  best_test_mrr:     0.2851
