===== asym seed 42 → logs/t13_asym_seed42.log =====
=== tempest-embedding training ===
dataset: tgbl-wiki
device:  cuda
seed:    42
loaded in 1.4s
  num_nodes:     9,227
  directed:      False  (dataset default)
  bipartite:     True
  dst_pool:      952 unique destinations
  T_train:       1862652
  train edges:   110,232
  val edges:     23,621
  test edges:    23,621
  has_node_feat: False
  has_edge_feat: True (d=172)

=== Config ===
  num_nodes: 9227
  is_directed: False
  is_bipartite: True
  dst_pool: <ndarray shape=(952,) dtype=int32>
  t_train_span: 1862652.0
  d_node_feat: None
  d_edge_feat: 172
  ef_variant: asym
  d_emb: 128
  d_proj: 128
  eta_uniform: 1.0
  uniform_temperature: 2.0
  uniform_pairs: 5000
  beta_time: 1.0
  num_walks_per_node: 5
  max_walk_len: 20
  walk_bias: ExponentialWeight
  start_bias: Uniform
  num_neg_per_pos: 10
  hist_neg_ratio: 0.5
  reservoir_size: 32
  lr: 0.001
  weight_decay: 0.0001
  num_epochs: 30
  early_stop_patience: 0
  seed: 42
  use_gpu: True
  use_gpu_tempest: False
  monitor_sample_pct: 1.0
  skip_final_full_eval: True

=== Parameter counts ===
  embedding_table:    1,181,056
  p_target:              66,048
  p_context:             66,048
  link_head:            574,466
  TOTAL trainable:    1,887,618

=== Training ===
epoch 1/30  align=0.5429  unif=-3.6396  bce=0.2918  train 20.9s  val 0.0407  test 0.0353 (new best)  eval 27.0s
epoch 2/30  align=0.5431  unif=-6.3221  bce=0.2392  train 17.2s  val 0.1116  test 0.1120 (new best)  eval 26.9s
epoch 3/30  align=0.5573  unif=-7.1530  bce=0.2198  train 17.9s  val 0.1111  patience 1/0  eval 26.7s
epoch 4/30  align=0.5418  unif=-7.3826  bce=0.2101  train 17.8s  val 0.1173  test 0.0930 (new best)  eval 26.8s
epoch 5/30  align=0.5258  unif=-7.4850  bce=0.2050  train 18.6s  val 0.1799  test 0.1704 (new best)  eval 27.4s
epoch 6/30  align=0.5107  unif=-7.5370  bce=0.2025  train 17.1s  val 0.1656  patience 1/0  eval 27.4s
epoch 7/30  align=0.5009  unif=-7.5686  bce=0.1981  train 16.5s  val 0.1916  test 0.1491 (new best)  eval 26.9s
epoch 8/30  align=0.4917  unif=-7.5883  bce=0.1946  train 17.9s  val 0.2645  test 0.2256 (new best)  eval 26.8s
epoch 9/30  align=0.4827  unif=-7.6031  bce=0.1927  train 16.6s  val 0.2507  patience 1/0  eval 26.9s
epoch 10/30  align=0.4762  unif=-7.6154  bce=0.1903  train 16.7s  val 0.2348  patience 2/0  eval 27.0s
epoch 11/30  align=0.4699  unif=-7.6302  bce=0.1879  train 17.0s  val 0.2315  patience 3/0  eval 26.7s
epoch 12/30  align=0.4649  unif=-7.6380  bce=0.1851  train 16.7s  val 0.2727  test 0.2467 (new best)  eval 26.8s
epoch 13/30  align=0.4583  unif=-7.6459  bce=0.1824  train 17.3s  val 0.2930  test 0.2725 (new best)  eval 26.8s
epoch 14/30  align=0.4539  unif=-7.6558  bce=0.1801  train 17.8s  val 0.3007  test 0.2764 (new best)  eval 26.7s
epoch 15/30  align=0.4497  unif=-7.6576  bce=0.1775  train 16.2s  val 0.2883  patience 1/0  eval 26.8s
epoch 16/30  align=0.4453  unif=-7.6634  bce=0.1767  train 16.5s  val 0.3152  test 0.2995 (new best)  eval 26.9s
epoch 17/30  align=0.4444  unif=-7.6688  bce=0.1738  train 17.1s  val 0.2845  patience 1/0  eval 26.7s
epoch 18/30  align=0.4407  unif=-7.6696  bce=0.1712  train 17.2s  val 0.2847  patience 2/0  eval 26.7s
epoch 19/30  align=0.4392  unif=-7.6703  bce=0.1703  train 17.1s  val 0.3203  test 0.2970 (new best)  eval 26.9s
epoch 20/30  align=0.4352  unif=-7.6777  bce=0.1679  train 17.3s  val 0.2797  patience 1/0  eval 26.6s
epoch 21/30  align=0.4312  unif=-7.6783  bce=0.1662  train 17.7s  val 0.3043  patience 2/0  eval 27.0s
epoch 22/30  align=0.4272  unif=-7.6798  bce=0.1646  train 17.4s  val 0.3226  test 0.2686 (new best)  eval 26.7s
epoch 23/30  align=0.4224  unif=-7.6828  bce=0.1641  train 15.8s  val 0.3544  test 0.3342 (new best)  eval 26.7s
epoch 24/30  align=0.4194  unif=-7.6854  bce=0.1621  train 16.9s  val 0.3664  test 0.3414 (new best)  eval 26.8s
epoch 25/30  align=0.4153  unif=-7.6892  bce=0.1621  train 15.7s  val 0.3277  patience 1/0  eval 26.8s
epoch 26/30  align=0.4119  unif=-7.6882  bce=0.1597  train 16.0s  val 0.3676  test 0.3335 (new best)  eval 26.9s
epoch 27/30  align=0.4104  unif=-7.6886  bce=0.1588  train 15.3s  val 0.3681  test 0.3474 (new best)  eval 26.6s
epoch 28/30  align=0.4085  unif=-7.6857  bce=0.1568  train 16.4s  val 0.3740  test 0.3518 (new best)  eval 26.6s
epoch 29/30  align=0.4058  unif=-7.6899  bce=0.1567  train 16.4s  val 0.3329  patience 1/0  eval 26.7s
epoch 30/30  align=0.4029  unif=-7.6899  bce=0.1556  train 16.4s  val 0.3371  patience 2/0  eval 26.7s
  restored best weights from epoch 28 (val 0.3740, test 0.3518)

=== Final results ===
  dataset:           tgbl-wiki
  seed:              42
  stopped_at_epoch:  28
  best_val_mrr:      0.3740
  best_test_mrr:     0.3518
===== asym seed 42 done =====
===== asym seed 123 → logs/t13_asym_seed123.log =====
=== tempest-embedding training ===
dataset: tgbl-wiki
device:  cuda
seed:    123
loaded in 1.4s
  num_nodes:     9,227
  directed:      False  (dataset default)
  bipartite:     True
  dst_pool:      952 unique destinations
  T_train:       1862652
  train edges:   110,232
  val edges:     23,621
  test edges:    23,621
  has_node_feat: False
  has_edge_feat: True (d=172)

=== Config ===
  num_nodes: 9227
  is_directed: False
  is_bipartite: True
  dst_pool: <ndarray shape=(952,) dtype=int32>
  t_train_span: 1862652.0
  d_node_feat: None
  d_edge_feat: 172
  ef_variant: asym
  d_emb: 128
  d_proj: 128
  eta_uniform: 1.0
  uniform_temperature: 2.0
  uniform_pairs: 5000
  beta_time: 1.0
  num_walks_per_node: 5
  max_walk_len: 20
  walk_bias: ExponentialWeight
  start_bias: Uniform
  num_neg_per_pos: 10
  hist_neg_ratio: 0.5
  reservoir_size: 32
  lr: 0.001
  weight_decay: 0.0001
  num_epochs: 30
  early_stop_patience: 0
  seed: 123
  use_gpu: True
  use_gpu_tempest: False
  monitor_sample_pct: 1.0
  skip_final_full_eval: True

=== Parameter counts ===
  embedding_table:    1,181,056
  p_target:              66,048
  p_context:             66,048
  link_head:            574,466
  TOTAL trainable:    1,887,618

=== Training ===
epoch 1/30  align=0.5537  unif=-3.9149  bce=0.2927  train 21.0s  val 0.0700  test 0.0536 (new best)  eval 26.6s
epoch 2/30  align=0.5673  unif=-6.4711  bce=0.2350  train 17.3s  val 0.1262  test 0.1034 (new best)  eval 26.8s
epoch 3/30  align=0.5528  unif=-7.1626  bce=0.2199  train 17.2s  val 0.1711  test 0.1510 (new best)  eval 26.6s
epoch 4/30  align=0.5369  unif=-7.3658  bce=0.2110  train 16.7s  val 0.1347  patience 1/0  eval 26.7s
epoch 5/30  align=0.5172  unif=-7.4626  bce=0.2074  train 16.5s  val 0.1850  test 0.1837 (new best)  eval 26.8s
epoch 6/30  align=0.5045  unif=-7.5278  bce=0.2028  train 16.2s  val 0.1316  patience 1/0  eval 26.8s
epoch 7/30  align=0.4953  unif=-7.5624  bce=0.1989  train 16.3s  val 0.1286  patience 2/0  eval 26.7s
epoch 8/30  align=0.4868  unif=-7.5840  bce=0.1951  train 16.3s  val 0.1289  patience 3/0  eval 26.6s
epoch 9/30  align=0.4775  unif=-7.6009  bce=0.1891  train 16.1s  val 0.1494  patience 4/0  eval 26.7s
epoch 10/30  align=0.4712  unif=-7.6131  bce=0.1851  train 16.5s  val 0.1247  patience 5/0  eval 26.7s
epoch 11/30  align=0.4639  unif=-7.6260  bce=0.1818  train 16.2s  val 0.1196  patience 6/0  eval 26.6s
epoch 12/30  align=0.4574  unif=-7.6303  bce=0.1794  train 16.1s  val 0.1249  patience 7/0  eval 26.7s
epoch 13/30  align=0.4523  unif=-7.6382  bce=0.1765  train 16.7s  val 0.1723  patience 8/0  eval 26.8s
epoch 14/30  align=0.4483  unif=-7.6443  bce=0.1751  train 16.1s  val 0.1950  test 0.1766 (new best)  eval 26.6s
epoch 15/30  align=0.4440  unif=-7.6490  bce=0.1727  train 15.5s  val 0.2399  test 0.2271 (new best)  eval 26.6s
epoch 16/30  align=0.4392  unif=-7.6580  bce=0.1703  train 16.4s  val 0.2210  patience 1/0  eval 26.7s
epoch 17/30  align=0.4368  unif=-7.6545  bce=0.1683  train 16.2s  val 0.2568  test 0.2469 (new best)  eval 26.9s
epoch 18/30  align=0.4331  unif=-7.6583  bce=0.1668  train 16.8s  val 0.2516  patience 1/0  eval 26.7s
epoch 19/30  align=0.4300  unif=-7.6627  bce=0.1639  train 16.7s  val 0.2872  test 0.2676 (new best)  eval 26.7s
epoch 20/30  align=0.4269  unif=-7.6687  bce=0.1628  train 16.3s  val 0.2518  patience 1/0  eval 26.7s
epoch 21/30  align=0.4229  unif=-7.6652  bce=0.1617  train 16.4s  val 0.2812  patience 2/0  eval 26.7s
epoch 22/30  align=0.4218  unif=-7.6747  bce=0.1600  train 16.4s  val 0.2888  test 0.2539 (new best)  eval 26.7s
epoch 23/30  align=0.4186  unif=-7.6743  bce=0.1575  train 15.5s  val 0.2947  test 0.2628 (new best)  eval 26.8s
epoch 24/30  align=0.4151  unif=-7.6809  bce=0.1566  train 16.0s  val 0.3142  test 0.2579 (new best)  eval 26.6s
epoch 25/30  align=0.4122  unif=-7.6737  bce=0.1543  train 16.6s  val 0.2879  patience 1/0  eval 26.6s
epoch 26/30  align=0.4082  unif=-7.6786  bce=0.1531  train 16.6s  val 0.3221  test 0.2851 (new best)  eval 26.7s
epoch 27/30  align=0.4076  unif=-7.6835  bce=0.1524  train 17.2s  val 0.2712  patience 1/0  eval 26.7s
epoch 28/30  align=0.4050  unif=-7.6793  bce=0.1520  train 17.0s  val 0.2812  patience 2/0  eval 26.6s
epoch 29/30  align=0.4016  unif=-7.6839  bce=0.1508  train 17.2s  val 0.2815  patience 3/0  eval 26.7s
epoch 30/30  align=0.4029  unif=-7.6874  bce=0.1509  train 17.1s  val 0.2980  patience 4/0  eval 26.7s
  restored best weights from epoch 26 (val 0.3221, test 0.2851)

=== Final results ===
  dataset:           tgbl-wiki
  seed:              123
  stopped_at_epoch:  26
  best_val_mrr:      0.3221
  best_test_mrr:     0.2851
===== asym seed 123 done =====
===== asym seed 7 → logs/t13_asym_seed7.log =====
=== tempest-embedding training ===
dataset: tgbl-wiki
device:  cuda
seed:    7
loaded in 1.3s
  num_nodes:     9,227
  directed:      False  (dataset default)
  bipartite:     True
  dst_pool:      952 unique destinations
  T_train:       1862652
  train edges:   110,232
  val edges:     23,621
  test edges:    23,621
  has_node_feat: False
  has_edge_feat: True (d=172)

=== Config ===
  num_nodes: 9227
  is_directed: False
  is_bipartite: True
  dst_pool: <ndarray shape=(952,) dtype=int32>
  t_train_span: 1862652.0
  d_node_feat: None
  d_edge_feat: 172
  ef_variant: asym
  d_emb: 128
  d_proj: 128
  eta_uniform: 1.0
  uniform_temperature: 2.0
  uniform_pairs: 5000
  beta_time: 1.0
  num_walks_per_node: 5
  max_walk_len: 20
  walk_bias: ExponentialWeight
  start_bias: Uniform
  num_neg_per_pos: 10
  hist_neg_ratio: 0.5
  reservoir_size: 32
  lr: 0.001
  weight_decay: 0.0001
  num_epochs: 30
  early_stop_patience: 0
  seed: 7
  use_gpu: True
  use_gpu_tempest: False
  monitor_sample_pct: 1.0
  skip_final_full_eval: True

=== Parameter counts ===
  embedding_table:    1,181,056
  p_target:              66,048
  p_context:             66,048
  link_head:            574,466
  TOTAL trainable:    1,887,618

=== Training ===
epoch 1/30  align=0.5619  unif=-4.2352  bce=0.2893  train 20.5s  val 0.0629  test 0.0605 (new best)  eval 26.7s
epoch 2/30  align=0.6070  unif=-6.6505  bce=0.2415  train 17.7s  val 0.1380  test 0.0972 (new best)  eval 26.8s
epoch 3/30  align=0.5637  unif=-7.2591  bce=0.2212  train 18.0s  val 0.1791  test 0.1428 (new best)  eval 27.5s
epoch 4/30  align=0.5294  unif=-7.4383  bce=0.2104  train 17.7s  val 0.1269  patience 1/0  eval 26.9s
epoch 5/30  align=0.5080  unif=-7.5105  bce=0.2024  train 17.5s  val 0.1421  patience 2/0  eval 26.6s
epoch 6/30  align=0.4962  unif=-7.5559  bce=0.1957  train 17.9s  val 0.1460  patience 3/0  eval 26.9s
epoch 7/30  align=0.4861  unif=-7.5875  bce=0.1906  train 17.6s  val 0.1669  patience 4/0  eval 26.7s
epoch 8/30  align=0.4765  unif=-7.6057  bce=0.1884  train 17.5s  val 0.2283  test 0.2187 (new best)  eval 26.7s
epoch 9/30  align=0.4659  unif=-7.6182  bce=0.1854  train 17.6s  val 0.1997  patience 1/0  eval 26.5s
epoch 10/30  align=0.4599  unif=-7.6305  bce=0.1825  train 17.5s  val 0.2359  test 0.2354 (new best)  eval 26.6s
epoch 11/30  align=0.4531  unif=-7.6419  bce=0.1802  train 17.4s  val 0.2432  test 0.2063 (new best)  eval 26.6s
epoch 12/30  align=0.4489  unif=-7.6465  bce=0.1778  train 15.3s  val 0.2255  patience 1/0  eval 26.8s
epoch 13/30  align=0.4448  unif=-7.6551  bce=0.1766  train 15.5s  val 0.2518  test 0.2317 (new best)  eval 26.7s
epoch 14/30  align=0.4413  unif=-7.6572  bce=0.1748  train 16.9s  val 0.2552  test 0.2339 (new best)  eval 26.8s
epoch 15/30  align=0.4372  unif=-7.6621  bce=0.1729  train 15.3s  val 0.2522  patience 1/0  eval 26.7s
epoch 16/30  align=0.4332  unif=-7.6651  bce=0.1712  train 15.7s  val 0.2784  test 0.2496 (new best)  eval 26.7s
epoch 17/30  align=0.4294  unif=-7.6720  bce=0.1680  train 16.7s  val 0.2823  test 0.2440 (new best)  eval 26.6s
epoch 18/30  align=0.4250  unif=-7.6741  bce=0.1672  train 14.7s  val 0.2899  test 0.2508 (new best)  eval 26.8s
epoch 19/30  align=0.4222  unif=-7.6742  bce=0.1651  train 18.8s  val 0.3386  test 0.3068 (new best)  eval 26.7s
epoch 20/30  align=0.4191  unif=-7.6825  bce=0.1620  train 18.4s  val 0.2981  patience 1/0  eval 26.6s
epoch 21/30  align=0.4150  unif=-7.6766  bce=0.1591  train 18.8s  val 0.3544  test 0.3129 (new best)  eval 26.7s
epoch 22/30  align=0.4106  unif=-7.6786  bce=0.1559  train 17.4s  val 0.3604  test 0.3289 (new best)  eval 26.7s
epoch 23/30  align=0.4085  unif=-7.6814  bce=0.1542  train 16.9s  val 0.3035  patience 1/0  eval 26.4s
epoch 24/30  align=0.4026  unif=-7.6835  bce=0.1516  train 16.8s  val 0.3152  patience 2/0  eval 26.8s
epoch 25/30  align=0.4022  unif=-7.6866  bce=0.1506  train 16.9s  val 0.3013  patience 3/0  eval 26.6s
epoch 26/30  align=0.3997  unif=-7.6890  bce=0.1496  train 17.1s  val 0.3280  patience 4/0  eval 26.8s
epoch 27/30  align=0.3967  unif=-7.6885  bce=0.1489  train 16.8s  val 0.3043  patience 5/0  eval 26.5s
epoch 28/30  align=0.3952  unif=-7.6903  bce=0.1475  train 16.7s  val 0.3303  patience 6/0  eval 26.7s
epoch 29/30  align=0.3951  unif=-7.6870  bce=0.1473  train 16.8s  val 0.3678  test 0.3410 (new best)  eval 26.6s
epoch 30/30  align=0.3935  unif=-7.6916  bce=0.1469  train 16.1s  val 0.3247  patience 1/0  eval 26.6s
  restored best weights from epoch 29 (val 0.3678, test 0.3410)

=== Final results ===
  dataset:           tgbl-wiki
  seed:              7
  stopped_at_epoch:  29
  best_val_mrr:      0.3678
  best_test_mrr:     0.3410
===== asym seed 7 done =====
=== asym complete ===
