=== tempest-embedding training ===
dataset: tgbl-wiki
device:  cuda
seed:    7
loaded in 1.3s
  num_nodes:     9,227
  directed:      False  (dataset default)
  bipartite:     True
  dst_pool:      952 unique destinations
  T_train:       1862652
  train edges:   110,232
  val edges:     23,621
  test edges:    23,621
  has_node_feat: False
  has_edge_feat: True (d=172)

=== Config ===
  num_nodes: 9227
  is_directed: False
  is_bipartite: True
  dst_pool: <ndarray shape=(952,) dtype=int32>
  t_train_span: 1862652.0
  d_node_feat: None
  d_edge_feat: 172
  ef_variant: asym
  d_emb: 128
  d_proj: 128
  eta_uniform: 1.0
  uniform_temperature: 2.0
  uniform_pairs: 5000
  beta_time: 1.0
  num_walks_per_node: 5
  max_walk_len: 20
  walk_bias: ExponentialWeight
  start_bias: Uniform
  num_neg_per_pos: 10
  hist_neg_ratio: 0.5
  reservoir_size: 32
  lr: 0.001
  weight_decay: 0.0001
  num_epochs: 30
  early_stop_patience: 0
  seed: 7
  use_gpu: True
  use_gpu_tempest: False
  monitor_sample_pct: 1.0
  skip_final_full_eval: True

=== Parameter counts ===
  embedding_table:    1,181,056
  p_target:              66,048
  p_context:             66,048
  link_head:            574,466
  TOTAL trainable:    1,887,618

=== Training ===
epoch 1/30  align=0.5619  unif=-4.2352  bce=0.2893  train 20.5s  val 0.0629  test 0.0605 (new best)  eval 26.7s
epoch 2/30  align=0.6070  unif=-6.6505  bce=0.2415  train 17.7s  val 0.1380  test 0.0972 (new best)  eval 26.8s
epoch 3/30  align=0.5637  unif=-7.2591  bce=0.2212  train 18.0s  val 0.1791  test 0.1428 (new best)  eval 27.5s
epoch 4/30  align=0.5294  unif=-7.4383  bce=0.2104  train 17.7s  val 0.1269  patience 1/0  eval 26.9s
epoch 5/30  align=0.5080  unif=-7.5105  bce=0.2024  train 17.5s  val 0.1421  patience 2/0  eval 26.6s
epoch 6/30  align=0.4962  unif=-7.5559  bce=0.1957  train 17.9s  val 0.1460  patience 3/0  eval 26.9s
epoch 7/30  align=0.4861  unif=-7.5875  bce=0.1906  train 17.6s  val 0.1669  patience 4/0  eval 26.7s
epoch 8/30  align=0.4765  unif=-7.6057  bce=0.1884  train 17.5s  val 0.2283  test 0.2187 (new best)  eval 26.7s
epoch 9/30  align=0.4659  unif=-7.6182  bce=0.1854  train 17.6s  val 0.1997  patience 1/0  eval 26.5s
epoch 10/30  align=0.4599  unif=-7.6305  bce=0.1825  train 17.5s  val 0.2359  test 0.2354 (new best)  eval 26.6s
epoch 11/30  align=0.4531  unif=-7.6419  bce=0.1802  train 17.4s  val 0.2432  test 0.2063 (new best)  eval 26.6s
epoch 12/30  align=0.4489  unif=-7.6465  bce=0.1778  train 15.3s  val 0.2255  patience 1/0  eval 26.8s
epoch 13/30  align=0.4448  unif=-7.6551  bce=0.1766  train 15.5s  val 0.2518  test 0.2317 (new best)  eval 26.7s
epoch 14/30  align=0.4413  unif=-7.6572  bce=0.1748  train 16.9s  val 0.2552  test 0.2339 (new best)  eval 26.8s
epoch 15/30  align=0.4372  unif=-7.6621  bce=0.1729  train 15.3s  val 0.2522  patience 1/0  eval 26.7s
epoch 16/30  align=0.4332  unif=-7.6651  bce=0.1712  train 15.7s  val 0.2784  test 0.2496 (new best)  eval 26.7s
epoch 17/30  align=0.4294  unif=-7.6720  bce=0.1680  train 16.7s  val 0.2823  test 0.2440 (new best)  eval 26.6s
epoch 18/30  align=0.4250  unif=-7.6741  bce=0.1672  train 14.7s  val 0.2899  test 0.2508 (new best)  eval 26.8s
epoch 19/30  align=0.4222  unif=-7.6742  bce=0.1651  train 18.8s  val 0.3386  test 0.3068 (new best)  eval 26.7s
epoch 20/30  align=0.4191  unif=-7.6825  bce=0.1620  train 18.4s  val 0.2981  patience 1/0  eval 26.6s
epoch 21/30  align=0.4150  unif=-7.6766  bce=0.1591  train 18.8s  val 0.3544  test 0.3129 (new best)  eval 26.7s
epoch 22/30  align=0.4106  unif=-7.6786  bce=0.1559  train 17.4s  val 0.3604  test 0.3289 (new best)  eval 26.7s
epoch 23/30  align=0.4085  unif=-7.6814  bce=0.1542  train 16.9s  val 0.3035  patience 1/0  eval 26.4s
epoch 24/30  align=0.4026  unif=-7.6835  bce=0.1516  train 16.8s  val 0.3152  patience 2/0  eval 26.8s
epoch 25/30  align=0.4022  unif=-7.6866  bce=0.1506  train 16.9s  val 0.3013  patience 3/0  eval 26.6s
epoch 26/30  align=0.3997  unif=-7.6890  bce=0.1496  train 17.1s  val 0.3280  patience 4/0  eval 26.8s
epoch 27/30  align=0.3967  unif=-7.6885  bce=0.1489  train 16.8s  val 0.3043  patience 5/0  eval 26.5s
epoch 28/30  align=0.3952  unif=-7.6903  bce=0.1475  train 16.7s  val 0.3303  patience 6/0  eval 26.7s
epoch 29/30  align=0.3951  unif=-7.6870  bce=0.1473  train 16.8s  val 0.3678  test 0.3410 (new best)  eval 26.6s
epoch 30/30  align=0.3935  unif=-7.6916  bce=0.1469  train 16.1s  val 0.3247  patience 1/0  eval 26.6s
  restored best weights from epoch 29 (val 0.3678, test 0.3410)

=== Final results ===
  dataset:           tgbl-wiki
  seed:              7
  stopped_at_epoch:  29
  best_val_mrr:      0.3678
  best_test_mrr:     0.3410
