=== tempest-embedding training ===
dataset: tgbl-wiki
device:  cuda
seed:    123
loaded in 1.5s
  num_nodes:     9,227
  directed:      False  (dataset default)
  bipartite:     True
  dst_pool:      952 unique destinations
  T_train:       1862652
  train edges:   110,232
  val edges:     23,621
  test edges:    23,621
  has_node_feat: False
  has_edge_feat: True (d=172)

=== Config ===
  num_nodes: 9227
  is_directed: False
  is_bipartite: True
  dst_pool: <ndarray shape=(952,) dtype=int32>
  t_train_span: 1862652.0
  d_node_feat: None
  d_edge_feat: 172
  ef_variant: sym_shared
  d_emb: 128
  d_proj: 128
  eta_uniform: 1.0
  uniform_temperature: 2.0
  uniform_pairs: 5000
  beta_time: 1.0
  num_walks_per_node: 5
  max_walk_len: 20
  walk_bias: ExponentialWeight
  start_bias: Uniform
  num_neg_per_pos: 10
  hist_neg_ratio: 0.5
  reservoir_size: 32
  lr: 0.001
  weight_decay: 0.0001
  num_epochs: 30
  early_stop_patience: 0
  seed: 123
  use_gpu: True
  use_gpu_tempest: False
  monitor_sample_pct: 1.0
  skip_final_full_eval: True

=== Parameter counts ===
  embedding_table:    1,181,056
  p_target:              66,048
  p_context:             66,048
  link_head:            574,466
  TOTAL trainable:    1,887,618

=== Training ===
epoch 1/30  align=0.4747  unif=-4.0260  bce=0.2909  train 21.6s  val 0.0449  test 0.0403 (new best)  eval 26.7s
epoch 2/30  align=0.3469  unif=-6.7078  bce=0.2429  train 17.8s  val 0.0459  test 0.0474 (new best)  eval 26.7s
epoch 3/30  align=0.2518  unif=-7.3562  bce=0.2361  train 18.3s  val 0.1235  test 0.1156 (new best)  eval 26.8s
epoch 4/30  align=0.1892  unif=-7.5137  bce=0.2383  train 17.0s  val 0.1232  patience 1/0  eval 26.8s
epoch 5/30  align=0.1496  unif=-7.5801  bce=0.2424  train 17.0s  val 0.1348  test 0.1258 (new best)  eval 26.8s
epoch 6/30  align=0.1218  unif=-7.6288  bce=0.2462  train 17.6s  val 0.0823  patience 1/0  eval 26.7s
epoch 7/30  align=0.1022  unif=-7.6600  bce=0.2502  train 17.5s  val 0.0612  patience 2/0  eval 26.7s
epoch 8/30  align=0.0873  unif=-7.6786  bce=0.2545  train 17.6s  val 0.0961  patience 3/0  eval 26.8s
epoch 9/30  align=0.0752  unif=-7.6926  bce=0.2562  train 17.5s  val 0.1160  patience 4/0  eval 26.7s
epoch 10/30  align=0.0656  unif=-7.7055  bce=0.2564  train 17.4s  val 0.1273  patience 5/0  eval 26.6s
epoch 11/30  align=0.0579  unif=-7.7152  bce=0.2588  train 17.4s  val 0.0668  patience 6/0  eval 26.7s
epoch 12/30  align=0.0511  unif=-7.7188  bce=0.2623  train 17.7s  val 0.0886  patience 7/0  eval 27.1s
epoch 13/30  align=0.0455  unif=-7.7279  bce=0.2646  train 17.5s  val 0.0671  patience 8/0  eval 26.7s
epoch 14/30  align=0.0411  unif=-7.7310  bce=0.2691  train 17.6s  val 0.0432  patience 9/0  eval 26.8s
epoch 15/30  align=0.0366  unif=-7.7341  bce=0.2730  train 17.4s  val 0.0636  patience 10/0  eval 26.6s
epoch 16/30  align=0.0330  unif=-7.7431  bce=0.2748  train 17.6s  val 0.1153  patience 11/0  eval 26.6s
epoch 17/30  align=0.0297  unif=-7.7406  bce=0.2750  train 17.5s  val 0.0633  patience 12/0  eval 26.6s
epoch 18/30  align=0.0269  unif=-7.7443  bce=0.2776  train 17.5s  val 0.0821  patience 13/0  eval 26.7s
epoch 19/30  align=0.0244  unif=-7.7500  bce=0.2798  train 17.5s  val 0.0870  patience 14/0  eval 26.7s
epoch 20/30  align=0.0221  unif=-7.7547  bce=0.2815  train 17.5s  val 0.1093  patience 15/0  eval 26.8s
epoch 21/30  align=0.0200  unif=-7.7504  bce=0.2826  train 17.4s  val 0.0662  patience 16/0  eval 26.8s
epoch 22/30  align=0.0183  unif=-7.7586  bce=0.2834  train 17.4s  val 0.0513  patience 17/0  eval 26.8s
epoch 23/30  align=0.0167  unif=-7.7557  bce=0.2831  train 17.4s  val 0.0607  patience 18/0  eval 26.8s
epoch 24/30  align=0.0155  unif=-7.7615  bce=0.2848  train 17.4s  val 0.0325  patience 19/0  eval 26.7s
epoch 25/30  align=0.0143  unif=-7.7542  bce=0.2852  train 17.3s  val 0.0732  patience 20/0  eval 26.8s
epoch 26/30  align=0.0132  unif=-7.7548  bce=0.2855  train 17.3s  val 0.0576  patience 21/0  eval 26.7s
epoch 27/30  align=0.0123  unif=-7.7597  bce=0.2862  train 17.4s  val 0.1020  patience 22/0  eval 26.5s
epoch 28/30  align=0.0116  unif=-7.7552  bce=0.2873  train 17.3s  val 0.0802  patience 23/0  eval 26.7s
epoch 29/30  align=0.0109  unif=-7.7593  bce=0.2873  train 17.3s  val 0.0387  patience 24/0  eval 26.7s
epoch 30/30  align=0.0104  unif=-7.7620  bce=0.2883  train 17.2s  val 0.1092  patience 25/0  eval 26.7s
  restored best weights from epoch 5 (val 0.1348, test 0.1258)

=== Final results ===
  dataset:           tgbl-wiki
  seed:              123
  stopped_at_epoch:  5
  best_val_mrr:      0.1348
  best_test_mrr:     0.1258
