=== tempest-embedding training ===
dataset: tgbl-wiki
device:  cuda
seed:    7
loaded in 1.3s
  num_nodes:     9,227
  directed:      False  (dataset default)
  bipartite:     True
  dst_pool:      952 unique destinations
  T_train:       1862652
  train edges:   110,232
  val edges:     23,621
  test edges:    23,621
  has_node_feat: False

=== Config ===
  num_nodes: 9227
  is_directed: False
  is_bipartite: True
  dst_pool: <ndarray shape=(952,) dtype=int32>
  t_train_span: 1862652.0
  d_node_feat: None
  d_emb: 128
  d_proj: 128
  eta_uniform: 1.0
  uniform_temperature: 2.0
  uniform_pairs: 5000
  beta_time: 1.0
  num_walks_per_node: 5
  max_walk_len: 20
  walk_bias: ExponentialWeight
  start_bias: Uniform
  num_neg_per_pos: 10
  hist_neg_ratio: 0.5
  reservoir_size: 32
  lr: 0.001
  weight_decay: 0.0001
  num_epochs: 5
  early_stop_patience: 0
  seed: 7
  use_gpu: True
  use_gpu_tempest: False
  monitor_sample_pct: 1.0
  skip_final_full_eval: True

=== Parameter counts ===
  embedding_table:    1,181,056
  p_target:              66,048
  p_context:             66,048
  link_head:            574,466
  TOTAL trainable:    1,887,618

=== Training ===
epoch 1/5  align=0.6094  unif=-4.2369  bce=0.2893  train 19.2s  val 0.0528  test 0.0486 (new best)  eval 26.6s
epoch 2/5  align=0.6762  unif=-6.6665  bce=0.2355  train 15.6s  val 0.2349  test 0.2200 (new best)  eval 26.7s
epoch 3/5  align=0.5920  unif=-7.1136  bce=0.2058  train 16.4s  val 0.2253  patience 1/0  eval 26.9s
epoch 4/5  align=0.5622  unif=-7.2898  bce=0.1932  train 16.4s  val 0.2535  test 0.2183 (new best)  eval 26.6s
epoch 5/5  align=0.5438  unif=-7.4006  bce=0.1861  train 16.3s  val 0.2483  patience 1/0  eval 26.6s
  restored best weights from epoch 4 (val 0.2535, test 0.2183)

=== Final results ===
  dataset:           tgbl-wiki
  seed:              7
  stopped_at_epoch:  4
  best_val_mrr:      0.2535
  best_test_mrr:     0.2183
