=== tempest-embedding training ===
dataset: tgbl-wiki
device:  cuda
seed:    42
loaded in 1.4s
  num_nodes:     9,227
  directed:      False  (dataset default)
  bipartite:     True
  dst_pool:      952 unique destinations
  T_train:       1862652
  train edges:   110,232
  val edges:     23,621
  test edges:    23,621
  has_node_feat: False

=== Config ===
  num_nodes: 9227
  is_directed: False
  is_bipartite: True
  dst_pool: <ndarray shape=(952,) dtype=int32>
  t_train_span: 1862652.0
  d_node_feat: None
  d_emb: 128
  d_proj: 128
  eta_uniform: 1.0
  uniform_temperature: 2.0
  uniform_pairs: 5000
  beta_time: 1.0
  num_walks_per_node: 5
  max_walk_len: 20
  walk_bias: ExponentialWeight
  start_bias: Uniform
  num_neg_per_pos: 10
  hist_neg_ratio: 0.5
  reservoir_size: 32
  lr: 0.001
  weight_decay: 0.0001
  num_epochs: 5
  early_stop_patience: 0
  seed: 42
  use_gpu: True
  use_gpu_tempest: False
  monitor_sample_pct: 1.0
  skip_final_full_eval: True

=== Parameter counts ===
  embedding_table:    1,181,056
  p_target:              66,048
  p_context:             66,048
  link_head:            574,466
  TOTAL trainable:    1,887,618

=== Training ===
epoch 1/5  align=0.5911  unif=-3.6041  bce=0.2917  train 19.7s  val 0.0385  test 0.0362 (new best)  eval 26.4s
epoch 2/5  align=0.5966  unif=-6.2357  bce=0.2351  train 15.7s  val 0.1990  test 0.1520 (new best)  eval 26.5s
epoch 3/5  align=0.6095  unif=-7.0332  bce=0.2047  train 15.8s  val 0.2343  test 0.2010 (new best)  eval 26.7s
epoch 4/5  align=0.5814  unif=-7.2891  bce=0.1915  train 15.9s  val 0.2706  test 0.2223 (new best)  eval 26.9s
epoch 5/5  align=0.5569  unif=-7.4011  bce=0.1847  train 15.7s  val 0.2861  test 0.2458 (new best)  eval 26.9s
  restored best weights from epoch 5 (val 0.2861, test 0.2458)

=== Final results ===
  dataset:           tgbl-wiki
  seed:              42
  stopped_at_epoch:  5
  best_val_mrr:      0.2861
  best_test_mrr:     0.2458
