=== tempest-embedding training ===
dataset: tgbl-wiki
device:  cuda
seed:    123
loaded in 1.5s
  num_nodes:     9,227
  directed:      False  (dataset default)
  bipartite:     True
  dst_pool:      952 unique destinations
  T_train:       1862652
  train edges:   110,232
  val edges:     23,621
  test edges:    23,621
  has_node_feat: False

=== Config ===
  num_nodes: 9227
  is_directed: False
  is_bipartite: True
  dst_pool: <ndarray shape=(952,) dtype=int32>
  t_train_span: 1862652.0
  d_node_feat: None
  d_emb: 128
  d_proj: 128
  eta_uniform: 1.0
  uniform_temperature: 2.0
  uniform_pairs: 5000
  beta_time: 1.0
  num_walks_per_node: 5
  max_walk_len: 20
  walk_bias: ExponentialWeight
  start_bias: Uniform
  num_neg_per_pos: 10
  hist_neg_ratio: 0.5
  reservoir_size: 32
  lr: 0.001
  weight_decay: 0.0001
  num_epochs: 5
  early_stop_patience: 0
  seed: 123
  use_gpu: True
  use_gpu_tempest: False
  monitor_sample_pct: 1.0
  skip_final_full_eval: True

=== Parameter counts ===
  embedding_table:    1,181,056
  p_target:              66,048
  p_context:             66,048
  link_head:            574,466
  TOTAL trainable:    1,887,618

=== Training ===
epoch 1/5  align=0.5953  unif=-3.9442  bce=0.2919  train 19.4s  val 0.0448  test 0.0486 (new best)  eval 26.8s
epoch 2/5  align=0.6391  unif=-6.4510  bce=0.2337  train 16.5s  val 0.1354  test 0.1476 (new best)  eval 26.7s
epoch 3/5  align=0.6270  unif=-7.1366  bce=0.2121  train 16.3s  val 0.1215  patience 1/0  eval 26.7s
epoch 4/5  align=0.6003  unif=-7.3477  bce=0.1965  train 16.4s  val 0.2060  test 0.1605 (new best)  eval 26.8s
epoch 5/5  align=0.5723  unif=-7.4449  bce=0.1902  train 16.3s  val 0.2474  test 0.1934 (new best)  eval 26.8s
  restored best weights from epoch 5 (val 0.2474, test 0.1934)

=== Final results ===
  dataset:           tgbl-wiki
  seed:              123
  stopped_at_epoch:  5
  best_val_mrr:      0.2474
  best_test_mrr:     0.1934
