=== tempest-embedding training ===
dataset: tgbl-wiki
device:  cuda
seed:    42
loaded in 1.5s
  num_nodes:     9,227
  directed:      False  (dataset default)
  bipartite:     True
  dst_pool:      952 unique destinations
  T_train:       1862652
  train edges:   110,232
  val edges:     23,621
  test edges:    23,621
  has_node_feat: False

=== Config ===
  num_nodes: 9227
  is_directed: False
  is_bipartite: True
  dst_pool: <ndarray shape=(952,) dtype=int32>
  t_train_span: 1862652.0
  d_node_feat: None
  d_emb: 128
  d_proj: 128
  tau: 0.5
  beta_time: 1.0
  chunk_size: 0
  num_walks_per_node: 5
  max_walk_len: 20
  walk_bias: ExponentialWeight
  start_bias: Uniform
  num_neg_per_pos: 10
  hist_neg_ratio: 0.5
  reservoir_size: 32
  lr: 0.01
  lr_min: 0.0001
  warmup_fraction: 0.05
  warmup_steps_cap: 500
  decay_horizon_epochs: 50
  weight_decay: 0.0001
  num_epochs: 5
  early_stop_patience: 0
  seed: 42
  use_gpu: True
  use_gpu_tempest: False
  monitor_sample_pct: 1.0
  skip_final_full_eval: True

=== Parameter counts ===
  embedding_table:    1,181,056
  p_target:              66,048
  p_context:             66,048
  link_head:            574,466
  TOTAL trainable:    1,887,618

=== Training ===
  LR schedule: peak=1.00e-02, min=1.00e-04, warmup=140 steps, decay_horizon=2800 steps (50 epochs × 56 batches)
epoch 1/5  align=9.9094  bce=0.4086  train 24.8s  val 0.0443  test 0.0404 (new best)  eval 22.9s
epoch 2/5  align=9.2779  bce=0.2490  train 24.5s  val 0.1015  test 0.0808 (new best)  eval 22.8s
epoch 3/5  align=9.1527  bce=0.2319  train 24.6s  val 0.1120  test 0.0988 (new best)  eval 23.0s
epoch 4/5  align=8.8840  bce=0.2251  train 24.7s  val 0.1588  test 0.1421 (new best)  eval 23.1s
epoch 5/5  align=8.5306  bce=0.2035  train 24.4s  val 0.1940  test 0.1725 (new best)  eval 23.0s
  restored best weights from epoch 5 (val 0.1940, test 0.1725)

=== Final results ===
  dataset:           tgbl-wiki
  seed:              42
  stopped_at_epoch:  5
  best_val_mrr:      0.1940
  best_test_mrr:     0.1725
