===== c1 seed 42 → logs/t12_c1_seed42.log =====
=== tempest-embedding training ===
dataset: tgbl-wiki
device:  cuda
seed:    42
loaded in 1.4s
  --force-no-ef: overriding d_edge_feat to None
  num_nodes:     9,227
  directed:      False  (dataset default)
  bipartite:     True
  dst_pool:      952 unique destinations
  T_train:       1862652
  train edges:   110,232
  val edges:     23,621
  test edges:    23,621
  has_node_feat: False
  has_edge_feat: True

=== Config ===
  num_nodes: 9227
  is_directed: False
  is_bipartite: True
  dst_pool: <ndarray shape=(952,) dtype=int32>
  t_train_span: 1862652.0
  d_node_feat: None
  d_edge_feat: None
  ef_on_target: False
  ef_on_context: True
  ef_target_per_position: False
  d_emb: 128
  d_proj: 128
  eta_uniform: 1.0
  uniform_temperature: 2.0
  uniform_pairs: 5000
  beta_time: 1.0
  num_walks_per_node: 5
  max_walk_len: 20
  walk_bias: ExponentialWeight
  start_bias: Uniform
  num_neg_per_pos: 10
  hist_neg_ratio: 0.5
  reservoir_size: 32
  lr: 0.001
  weight_decay: 0.0001
  num_epochs: 30
  early_stop_patience: 0
  seed: 42
  use_gpu: True
  use_gpu_tempest: False
  monitor_sample_pct: 1.0
  skip_final_full_eval: True

=== Parameter counts ===
  embedding_table:    1,181,056
  p_target:              66,048
  p_context:             66,048
  link_head:            574,466
  TOTAL trainable:    1,887,618

=== Training ===
epoch 1/30  align=0.0140  unif=-0.0000  bce=0.3109  train 19.6s  val 0.0211  test 0.0136 (new best)  eval 26.5s
epoch 2/30  align=0.0000  unif=0.0000  bce=0.3046  train 15.4s  val 0.8766  test 0.9105 (new best)  eval 26.6s
epoch 3/30  align=0.0000  unif=0.0000  bce=0.3046  train 15.7s  val 0.0046  patience 1/0  eval 26.4s
epoch 4/30  align=0.0000  unif=0.0000  bce=0.3046  train 15.7s  val 0.9916  test 0.9914 (new best)  eval 26.4s
epoch 5/30  align=0.0000  unif=0.0000  bce=0.3046  train 15.5s  val 0.0010  patience 1/0  eval 26.6s
epoch 6/30  align=0.0000  unif=0.0000  bce=0.3046  train 16.8s  val 0.0020  patience 2/0  eval 27.4s
epoch 7/30  align=0.0000  unif=0.0000  bce=0.3046  train 16.6s  val 0.0020  patience 3/0  eval 27.3s
epoch 8/30  align=0.0000  unif=0.0000  bce=0.3046  train 16.6s  val 0.0010  patience 4/0  eval 27.2s
epoch 9/30  align=0.0000  unif=0.0000  bce=0.3046  train 16.5s  val 0.9990  test 1.0000 (new best)  eval 27.0s
epoch 10/30  align=0.0000  unif=0.0000  bce=0.3046  train 17.1s  val 0.0010  patience 1/0  eval 27.2s
