=== tempest-embedding training ===
dataset: tgbl-wiki
device:  cuda
seed:    7
loaded in 1.4s
  num_nodes:     9,227
  directed:      False  (dataset default)
  bipartite:     True
  dst_pool:      952 unique destinations
  T_train:       1862652
  train edges:   110,232
  val edges:     23,621
  test edges:    23,621
  has_node_feat: False
  has_edge_feat: True (d=172)

=== Config ===
  num_nodes: 9227
  is_directed: False
  is_bipartite: True
  dst_pool: <ndarray shape=(952,) dtype=int32>
  t_train_span: 1862652.0
  d_node_feat: None
  d_edge_feat: 172
  d_emb: 128
  d_proj: 128
  eta_uniform: 1.0
  uniform_temperature: 2.0
  uniform_pairs: 5000
  beta_time: 1.0
  num_walks_per_node: 5
  max_walk_len: 20
  walk_bias: ExponentialWeight
  start_bias: Uniform
  num_neg_per_pos: 10
  hist_neg_ratio: 0.5
  reservoir_size: 32
  lr: 0.001
  weight_decay: 0.0001
  num_epochs: 5
  early_stop_patience: 0
  seed: 7
  use_gpu: True
  use_gpu_tempest: False
  monitor_sample_pct: 1.0
  skip_final_full_eval: True

=== Parameter counts ===
  embedding_table:    1,181,056
  p_target:              66,048
  p_context:            121,088
  link_head:            574,466
  TOTAL trainable:    1,942,658

=== Training ===
epoch 1/5  align=0.4582  unif=-2.0896  bce=0.2922  train 20.1s  val 0.0555  test 0.0323 (new best)  eval 26.9s
epoch 2/5  align=0.5416  unif=-3.3029  bce=0.2539  train 16.4s  val 0.1013  test 0.1116 (new best)  eval 26.9s
epoch 3/5  align=0.5208  unif=-3.5606  bce=0.2323  train 16.0s  val 0.1338  test 0.1262 (new best)  eval 26.9s
epoch 4/5  align=0.4997  unif=-3.6474  bce=0.2166  train 15.8s  val 0.0844  patience 1/0  eval 26.9s
epoch 5/5  align=0.4807  unif=-3.6864  bce=0.2066  train 15.9s  val 0.1446  test 0.1453 (new best)  eval 26.8s
  restored best weights from epoch 5 (val 0.1446, test 0.1453)

=== Final results ===
  dataset:           tgbl-wiki
  seed:              7
  stopped_at_epoch:  5
  best_val_mrr:      0.1446
  best_test_mrr:     0.1453
