=== tempest-embedding training ===
dataset: tgbl-wiki
device:  cuda
seed:    123
loaded in 1.4s
  num_nodes:     9,227
  directed:      False  (dataset default)
  bipartite:     True
  dst_pool:      952 unique destinations
  T_train:       1862652
  train edges:   110,232
  val edges:     23,621
  test edges:    23,621
  has_node_feat: False
  has_edge_feat: True (d=172)

=== Config ===
  num_nodes: 9227
  is_directed: False
  is_bipartite: True
  dst_pool: <ndarray shape=(952,) dtype=int32>
  t_train_span: 1862652.0
  d_node_feat: None
  d_edge_feat: 172
  d_emb: 128
  d_proj: 128
  eta_uniform: 1.0
  uniform_temperature: 2.0
  uniform_pairs: 5000
  beta_time: 1.0
  num_walks_per_node: 5
  max_walk_len: 20
  walk_bias: ExponentialWeight
  start_bias: Uniform
  num_neg_per_pos: 10
  hist_neg_ratio: 0.5
  reservoir_size: 32
  lr: 0.001
  weight_decay: 0.0001
  num_epochs: 5
  early_stop_patience: 0
  seed: 123
  use_gpu: True
  use_gpu_tempest: False
  monitor_sample_pct: 1.0
  skip_final_full_eval: True

=== Parameter counts ===
  embedding_table:    1,181,056
  p_target:              66,048
  p_context:            121,088
  link_head:            574,466
  TOTAL trainable:    1,942,658

=== Training ===
epoch 1/5  align=0.4172  unif=-1.8530  bce=0.2894  train 20.2s  val 0.0566  test 0.0438 (new best)  eval 27.1s
epoch 2/5  align=0.5021  unif=-3.2028  bce=0.2448  train 16.4s  val 0.0571  test 0.0481 (new best)  eval 27.0s
epoch 3/5  align=0.5256  unif=-3.5526  bce=0.2261  train 17.7s  val 0.0660  test 0.0777 (new best)  eval 27.1s
epoch 4/5  align=0.5092  unif=-3.6353  bce=0.2157  train 17.8s  val 0.0875  test 0.0796 (new best)  eval 26.9s
epoch 5/5  align=0.4988  unif=-3.6708  bce=0.2078  train 17.7s  val 0.0919  test 0.0668 (new best)  eval 26.9s
  restored best weights from epoch 5 (val 0.0919, test 0.0668)

=== Final results ===
  dataset:           tgbl-wiki
  seed:              123
  stopped_at_epoch:  5
  best_val_mrr:      0.0919
  best_test_mrr:     0.0668
