=== tempest-embedding training ===
dataset: tgbl-wiki
device:  cuda
seed:    42
loaded in 1.4s
  num_nodes:     9,227
  directed:      False  (dataset default)
  bipartite:     True
  dst_pool:      952 unique destinations
  T_train:       1862652
  train edges:   110,232
  val edges:     23,621
  test edges:    23,621
  has_node_feat: False
  has_edge_feat: True (d=172)

=== Config ===
  num_nodes: 9227
  is_directed: False
  is_bipartite: True
  dst_pool: <ndarray shape=(952,) dtype=int32>
  t_train_span: 1862652.0
  d_node_feat: None
  d_edge_feat: 172
  ef_in_p_context: False
  ef_modulate_weight: True
  ef_aux_lambda: 0.0
  d_emb: 128
  d_proj: 128
  eta_uniform: 1.0
  uniform_temperature: 2.0
  uniform_pairs: 5000
  beta_time: 1.0
  num_walks_per_node: 5
  max_walk_len: 20
  walk_bias: ExponentialWeight
  start_bias: Uniform
  num_neg_per_pos: 10
  hist_neg_ratio: 0.5
  reservoir_size: 32
  lr: 0.001
  weight_decay: 0.0001
  num_epochs: 30
  early_stop_patience: 0
  seed: 42
  use_gpu: True
  use_gpu_tempest: False
  monitor_sample_pct: 1.0
  skip_final_full_eval: True

=== Parameter counts ===
  embedding_table:    1,181,056
  p_target:              66,048
  p_context:             66,048
  link_head:            574,466
  TOTAL trainable:    1,887,618

=== Training ===
epoch 1/30  align=0.5741  unif=-3.5906  bce=0.2926  aux=0.0000  train 20.9s  val 0.0328  test 0.0335 (new best)  eval 26.8s
epoch 2/30  align=0.5679  unif=-6.3105  bce=0.2387  aux=0.0000  train 17.3s  val 0.1808  test 0.1850 (new best)  eval 26.7s
epoch 3/30  align=0.5444  unif=-7.0467  bce=0.2153  aux=0.0000  train 16.4s  val 0.1930  test 0.1668 (new best)  eval 26.8s
epoch 4/30  align=0.5048  unif=-7.3362  bce=0.2089  aux=0.0000  train 16.7s  val 0.1854  patience 1/0  eval 26.9s
epoch 5/30  align=0.4635  unif=-7.4474  bce=0.2076  aux=0.0000  train 16.6s  val 0.1742  patience 2/0  eval 27.0s
epoch 6/30  align=0.4284  unif=-7.5145  bce=0.2071  aux=0.0000  train 16.8s  val 0.2189  test 0.2093 (new best)  eval 27.1s
epoch 7/30  align=0.3997  unif=-7.5532  bce=0.2069  aux=0.0000  train 17.2s  val 0.2143  patience 1/0  eval 26.8s
epoch 8/30  align=0.3732  unif=-7.5793  bce=0.2055  aux=0.0000  train 17.2s  val 0.1831  patience 2/0  eval 27.1s
epoch 9/30  align=0.3527  unif=-7.5998  bce=0.2060  aux=0.0000  train 17.2s  val 0.1807  patience 3/0  eval 26.9s
epoch 10/30  align=0.3379  unif=-7.6066  bce=0.2093  aux=0.0000  train 17.1s  val 0.1693  patience 4/0  eval 26.9s
epoch 11/30  align=0.3221  unif=-7.6258  bce=0.2095  aux=0.0000  train 17.5s  val 0.1753  patience 5/0  eval 26.9s
epoch 12/30  align=0.3017  unif=-7.6378  bce=0.2115  aux=0.0000  train 17.0s  val 0.1652  patience 6/0  eval 26.9s
epoch 13/30  align=0.2842  unif=-7.6462  bce=0.2127  aux=0.0000  train 17.0s  val 0.1717  patience 7/0  eval 27.0s
epoch 14/30  align=0.2697  unif=-7.6549  bce=0.2151  aux=0.0000  train 17.1s  val 0.1510  patience 8/0  eval 27.4s
epoch 15/30  align=0.2472  unif=-7.6582  bce=0.2165  aux=0.0000  train 17.5s  val 0.1513  patience 9/0  eval 27.3s
epoch 16/30  align=0.2332  unif=-7.6646  bce=0.2197  aux=0.0000  train 17.6s  val 0.1494  patience 10/0  eval 27.1s
epoch 17/30  align=0.2196  unif=-7.6710  bce=0.2210  aux=0.0000  train 17.2s  val 0.1567  patience 11/0  eval 27.0s
epoch 18/30  align=0.2063  unif=-7.6730  bce=0.2230  aux=0.0000  train 17.1s  val 0.1420  patience 12/0  eval 26.8s
epoch 19/30  align=0.1951  unif=-7.6745  bce=0.2274  aux=0.0000  train 17.1s  val 0.1239  patience 13/0  eval 26.9s
epoch 20/30  align=0.1805  unif=-7.6814  bce=0.2299  aux=0.0000  train 17.0s  val 0.1047  patience 14/0  eval 27.0s
epoch 21/30  align=0.1687  unif=-7.6858  bce=0.2309  aux=0.0000  train 17.3s  val 0.1603  patience 15/0  eval 27.2s
epoch 22/30  align=0.1617  unif=-7.6892  bce=0.2330  aux=0.0000  train 17.0s  val 0.1429  patience 16/0  eval 26.8s
epoch 23/30  align=0.1509  unif=-7.6947  bce=0.2350  aux=0.0000  train 17.0s  val 0.1500  patience 17/0  eval 27.0s
epoch 24/30  align=0.1527  unif=-7.6943  bce=0.2369  aux=0.0000  train 17.0s  val 0.1441  patience 18/0  eval 26.9s
epoch 25/30  align=0.1444  unif=-7.7006  bce=0.2386  aux=0.0000  train 17.0s  val 0.1422  patience 19/0  eval 27.0s
epoch 26/30  align=0.1533  unif=-7.6964  bce=0.2410  aux=0.0000  train 17.3s  val 0.1389  patience 20/0  eval 27.2s
epoch 27/30  align=0.1363  unif=-7.7022  bce=0.2430  aux=0.0000  train 16.9s  val 0.1615  patience 21/0  eval 26.8s
epoch 28/30  align=0.1352  unif=-7.7032  bce=0.2451  aux=0.0000  train 16.9s  val 0.1118  patience 22/0  eval 26.8s
epoch 29/30  align=0.1355  unif=-7.6918  bce=0.2470  aux=0.0000  train 17.1s  val 0.1051  patience 23/0  eval 26.8s
epoch 30/30  align=0.1357  unif=-7.6994  bce=0.2474  aux=0.0000  train 17.0s  val 0.1129  patience 24/0  eval 26.8s
  restored best weights from epoch 6 (val 0.2189, test 0.2093)

=== Final results ===
  dataset:           tgbl-wiki
  seed:              42
  stopped_at_epoch:  6
  best_val_mrr:      0.2189
  best_test_mrr:     0.2093
